;  LST file generated by mikroListExporter - v.2.0 
; Date/Time: 11/17/2025 11:05:24 AM
;----------------------------------------------

;Address Opcode 	ASM
0x0000	0x2BE4      	GOTO       996
_Div_16X16_U:
;__Lib_Math.c,215 :: 		
;__Lib_Math.c,222 :: 		
0x0003	0x1283      	BCF        STATUS, 5
;__Lib_Math.c,223 :: 		
0x0004	0x1303      	BCF        STATUS, 6
;__Lib_Math.c,224 :: 		
0x0005	0x01F8      	CLRF       R8
;__Lib_Math.c,225 :: 		
0x0006	0x01F9      	CLRF       R9
;__Lib_Math.c,226 :: 		
0x0007	0x3010      	MOVLW      16
;__Lib_Math.c,227 :: 		
0x0008	0x00FC      	MOVWF      R12
;__Lib_Math.c,228 :: 		
0x0009	0x0D71      	RLF        R1, 0
;__Lib_Math.c,229 :: 		
0x000A	0x0DF8      	RLF        R8, 1
;__Lib_Math.c,230 :: 		
0x000B	0x0DF9      	RLF        R9, 1
;__Lib_Math.c,231 :: 		
0x000C	0x0874      	MOVF       R4, 0
;__Lib_Math.c,232 :: 		
0x000D	0x02F8      	SUBWF      R8, 1
;__Lib_Math.c,233 :: 		
0x000E	0x0875      	MOVF       R5, 0
;__Lib_Math.c,234 :: 		
0x000F	0x1C03      	BTFSS      STATUS, 0
;__Lib_Math.c,235 :: 		
0x0010	0x0F75      	INCFSZ     R5, 0
;__Lib_Math.c,236 :: 		
0x0011	0x02F9      	SUBWF      R9, 1
;__Lib_Math.c,237 :: 		
0x0012	0x1803      	BTFSC      STATUS, 0
;__Lib_Math.c,238 :: 		
0x0013	0x281B      	GOTO       $+8
;__Lib_Math.c,239 :: 		
0x0014	0x0874      	MOVF       R4, 0
;__Lib_Math.c,240 :: 		
0x0015	0x07F8      	ADDWF      R8, 1
;__Lib_Math.c,241 :: 		
0x0016	0x0875      	MOVF       R5, 0
;__Lib_Math.c,242 :: 		
0x0017	0x1803      	BTFSC      STATUS, 0
;__Lib_Math.c,243 :: 		
0x0018	0x0F75      	INCFSZ     R5, 0
;__Lib_Math.c,244 :: 		
0x0019	0x07F9      	ADDWF      R9, 1
;__Lib_Math.c,245 :: 		
0x001A	0x1003      	BCF        STATUS, 0
;__Lib_Math.c,246 :: 		
0x001B	0x0DF0      	RLF        R0, 1
;__Lib_Math.c,247 :: 		
0x001C	0x0DF1      	RLF        R1, 1
;__Lib_Math.c,248 :: 		
0x001D	0x0BFC      	DECFSZ     R12, 1
;__Lib_Math.c,249 :: 		
0x001E	0x2809      	GOTO       $-21
;__Lib_Math.c,251 :: 		
L_end_Div_16X16_U:
0x001F	0x0008      	RETURN
; end of _Div_16X16_U
_UART1_Write:
;__Lib_UART_c67.c,39 :: 		
;__Lib_UART_c67.c,40 :: 		
L_UART1_Write3:
0x0020	0x1683      	BSF        STATUS, 5
0x0021	0x1303      	BCF        STATUS, 6
0x0022	0x1898      	BTFSC      TXSTA, 1
0x0023	0x2826      	GOTO       L_UART1_Write4
;__Lib_UART_c67.c,41 :: 		
0x0024	0x0000      	NOP
0x0025	0x2820      	GOTO       L_UART1_Write3
L_UART1_Write4:
;__Lib_UART_c67.c,42 :: 		
0x0026	0x1283      	BCF        STATUS, 5
0x0027	0x1703      	BSF        STATUS, 6
0x0028	0x084C      	MOVF       FARG_UART1_Write_data_, 0
0x0029	0x1303      	BCF        STATUS, 6
0x002A	0x0099      	MOVWF      TXREG
;__Lib_UART_c67.c,43 :: 		
L_end_UART1_Write:
0x002B	0x0008      	RETURN
; end of _UART1_Write
_WordToStr:
;__Lib_Conversions.c,98 :: 		
;__Lib_Conversions.c,103 :: 		
0x002C	0x1283      	BCF        STATUS, 5
0x002D	0x1703      	BSF        STATUS, 6
0x002E	0x01CA      	CLRF       WordToStr_len_L0
L_WordToStr11:
0x002F	0x3005      	MOVLW      5
0x0030	0x024A      	SUBWF      WordToStr_len_L0, 0
0x0031	0x1803      	BTFSC      STATUS, 0
0x0032	0x283A      	GOTO       L_WordToStr12
;__Lib_Conversions.c,104 :: 		
0x0033	0x084A      	MOVF       WordToStr_len_L0, 0
0x0034	0x0749      	ADDWF      FARG_WordToStr_output, 0
0x0035	0x0084      	MOVWF      FSR
0x0036	0x3020      	MOVLW      32
0x0037	0x0080      	MOVWF      INDF
;__Lib_Conversions.c,103 :: 		
0x0038	0x0ACA      	INCF       WordToStr_len_L0, 1
;__Lib_Conversions.c,104 :: 		
0x0039	0x282F      	GOTO       L_WordToStr11
L_WordToStr12:
;__Lib_Conversions.c,105 :: 		
0x003A	0x084A      	MOVF       WordToStr_len_L0, 0
0x003B	0x0749      	ADDWF      FARG_WordToStr_output, 0
0x003C	0x0084      	MOVWF      FSR
0x003D	0x0180      	CLRF       INDF
0x003E	0x03CA      	DECF       WordToStr_len_L0, 1
;__Lib_Conversions.c,107 :: 		
L_WordToStr14:
;__Lib_Conversions.c,108 :: 		
0x003F	0x084A      	MOVF       WordToStr_len_L0, 0
0x0040	0x0749      	ADDWF      FARG_WordToStr_output, 0
0x0041	0x00CB      	MOVWF      FLOC__WordToStr
0x0042	0x300A      	MOVLW      10
0x0043	0x00F4      	MOVWF      R4
0x0044	0x01F5      	CLRF       R4+1
0x0045	0x0847      	MOVF       FARG_WordToStr_input, 0
0x0046	0x00F0      	MOVWF      R0
0x0047	0x0848      	MOVF       FARG_WordToStr_input+1, 0
0x0048	0x00F1      	MOVWF      R0+1
0x0049	0x2003      	CALL       _Div_16X16_U
0x004A	0x0878      	MOVF       R8, 0
0x004B	0x00F0      	MOVWF      R0
0x004C	0x0879      	MOVF       R8+1, 0
0x004D	0x00F1      	MOVWF      R0+1
0x004E	0x3030      	MOVLW      48
0x004F	0x07F0      	ADDWF      R0, 1
0x0050	0x1703      	BSF        STATUS, 6
0x0051	0x084B      	MOVF       FLOC__WordToStr, 0
0x0052	0x0084      	MOVWF      FSR
0x0053	0x0870      	MOVF       R0, 0
0x0054	0x0080      	MOVWF      INDF
;__Lib_Conversions.c,109 :: 		
0x0055	0x300A      	MOVLW      10
0x0056	0x00F4      	MOVWF      R4
0x0057	0x01F5      	CLRF       R4+1
0x0058	0x0847      	MOVF       FARG_WordToStr_input, 0
0x0059	0x00F0      	MOVWF      R0
0x005A	0x0848      	MOVF       FARG_WordToStr_input+1, 0
0x005B	0x00F1      	MOVWF      R0+1
0x005C	0x2003      	CALL       _Div_16X16_U
0x005D	0x0870      	MOVF       R0, 0
0x005E	0x1703      	BSF        STATUS, 6
0x005F	0x00C7      	MOVWF      FARG_WordToStr_input
0x0060	0x0871      	MOVF       R0+1, 0
0x0061	0x00C8      	MOVWF      FARG_WordToStr_input+1
;__Lib_Conversions.c,110 :: 		
0x0062	0x3000      	MOVLW      0
0x0063	0x0671      	XORWF      R0+1, 0
0x0064	0x1D03      	BTFSS      STATUS, 2
0x0065	0x2868      	GOTO       L__WordToStr379
0x0066	0x3000      	MOVLW      0
0x0067	0x0670      	XORWF      R0, 0
L__WordToStr379:
0x0068	0x1D03      	BTFSS      STATUS, 2
0x0069	0x286B      	GOTO       L_WordToStr16
;__Lib_Conversions.c,111 :: 		
0x006A	0x286D      	GOTO       L_WordToStr15
L_WordToStr16:
;__Lib_Conversions.c,112 :: 		
0x006B	0x03CA      	DECF       WordToStr_len_L0, 1
;__Lib_Conversions.c,113 :: 		
0x006C	0x283F      	GOTO       L_WordToStr14
L_WordToStr15:
;__Lib_Conversions.c,114 :: 		
L_end_WordToStr:
0x006D	0x0008      	RETURN
; end of _WordToStr
_UART1_Read:
;__Lib_UART_c67.c,21 :: 		
;__Lib_UART_c67.c,24 :: 		
0x006E	0x1283      	BCF        STATUS, 5
0x006F	0x1303      	BCF        STATUS, 6
0x0070	0x081A      	MOVF       RCREG, 0
0x0071	0x00F1      	MOVWF      R1
;__Lib_UART_c67.c,25 :: 		
0x0072	0x1C98      	BTFSS      RCSTA, 1
0x0073	0x2876      	GOTO       L_UART1_Read2
;__Lib_UART_c67.c,26 :: 		
0x0074	0x1218      	BCF        RCSTA, 4
;__Lib_UART_c67.c,27 :: 		
0x0075	0x1618      	BSF        RCSTA, 4
;__Lib_UART_c67.c,28 :: 		
L_UART1_Read2:
;__Lib_UART_c67.c,29 :: 		
0x0076	0x0871      	MOVF       R1, 0
0x0077	0x00F0      	MOVWF      R0
;__Lib_UART_c67.c,30 :: 		
L_end_UART1_Read:
0x0078	0x0008      	RETURN
; end of _UART1_Read
_UART1_Write_Text:
;__Lib_UART_c67.c,47 :: 		
;__Lib_UART_c67.c,48 :: 		
0x0079	0x1283      	BCF        STATUS, 5
0x007A	0x1703      	BSF        STATUS, 6
0x007B	0x01C9      	CLRF       UART1_Write_Text_counter_L0
;__Lib_UART_c67.c,50 :: 		
0x007C	0x0847      	MOVF       FARG_UART1_Write_Text_uart_text, 0
0x007D	0x0084      	MOVWF      FSR
0x007E	0x0800      	MOVF       INDF, 0
0x007F	0x00C8      	MOVWF      UART1_Write_Text_data__L0
;__Lib_UART_c67.c,51 :: 		
L_UART1_Write_Text5:
0x0080	0x0848      	MOVF       UART1_Write_Text_data__L0, 0
0x0081	0x3A00      	XORLW      0
0x0082	0x1903      	BTFSC      STATUS, 2
0x0083	0x288F      	GOTO       L_UART1_Write_Text6
;__Lib_UART_c67.c,52 :: 		
0x0084	0x0848      	MOVF       UART1_Write_Text_data__L0, 0
0x0085	0x00CC      	MOVWF      FARG_UART1_Write_data_
0x0086	0x2020      	CALL       _UART1_Write
;__Lib_UART_c67.c,53 :: 		
0x0087	0x1703      	BSF        STATUS, 6
0x0088	0x0AC9      	INCF       UART1_Write_Text_counter_L0, 1
;__Lib_UART_c67.c,54 :: 		
0x0089	0x0849      	MOVF       UART1_Write_Text_counter_L0, 0
0x008A	0x0747      	ADDWF      FARG_UART1_Write_Text_uart_text, 0
0x008B	0x0084      	MOVWF      FSR
0x008C	0x0800      	MOVF       INDF, 0
0x008D	0x00C8      	MOVWF      UART1_Write_Text_data__L0
;__Lib_UART_c67.c,55 :: 		
0x008E	0x2880      	GOTO       L_UART1_Write_Text5
L_UART1_Write_Text6:
;__Lib_UART_c67.c,56 :: 		
L_end_UART1_Write_Text:
0x008F	0x0008      	RETURN
; end of _UART1_Write_Text
_____DoICP:
;__Lib_System.c,6 :: 		
;__Lib_System.c,9 :: 		
0x0090	0x1283      	BCF        STATUS, 5
0x0091	0x1703      	BSF        STATUS, 6
0x0092	0x0835      	MOVF       ___DoICPAddr+1, 0
0x0093	0x008A      	MOVWF      PCLATH
;__Lib_System.c,10 :: 		
0x0094	0x0834      	MOVF       ___DoICPAddr, 0
0x0095	0x0082      	MOVWF      PCL
;__Lib_System.c,12 :: 		
L_end_____DoICP:
0x0096	0x0008      	RETURN
; end of _____DoICP
_Mul_8X8_U:
;__Lib_Math.c,103 :: 		
;__Lib_Math.c,108 :: 		
0x0097	0x1283      	BCF        STATUS, 5
;__Lib_Math.c,109 :: 		
0x0098	0x1303      	BCF        STATUS, 6
;__Lib_Math.c,110 :: 		
0x0099	0x0870      	MOVF       R0, 0
;__Lib_Math.c,111 :: 		
0x009A	0x00F1      	MOVWF      R1
;__Lib_Math.c,112 :: 		
0x009B	0x01F0      	CLRF       R0
;__Lib_Math.c,113 :: 		
0x009C	0x3008      	MOVLW      8
;__Lib_Math.c,114 :: 		
0x009D	0x00FC      	MOVWF      R12
;__Lib_Math.c,115 :: 		
0x009E	0x0871      	MOVF       R1, 0
;__Lib_Math.c,116 :: 		
0x009F	0x0CF4      	RRF        R4, 1
;__Lib_Math.c,117 :: 		
0x00A0	0x1803      	BTFSC      STATUS, 0
;__Lib_Math.c,118 :: 		
0x00A1	0x28A6      	GOTO       $+5
;__Lib_Math.c,119 :: 		
0x00A2	0x0BFC      	DECFSZ     R12, 1
;__Lib_Math.c,120 :: 		
0x00A3	0x289F      	GOTO       $-4
;__Lib_Math.c,121 :: 		
0x00A4	0x01F1      	CLRF       R1
;__Lib_Math.c,122 :: 		
0x00A5	0x3400      	RETLW      0
;__Lib_Math.c,123 :: 		
0x00A6	0x1003      	BCF        STATUS, 0
;__Lib_Math.c,124 :: 		
0x00A7	0x28AB      	GOTO       $+4
;__Lib_Math.c,125 :: 		
0x00A8	0x0CF4      	RRF        R4, 1
;__Lib_Math.c,126 :: 		
0x00A9	0x1803      	BTFSC      STATUS, 0
;__Lib_Math.c,127 :: 		
0x00AA	0x07F1      	ADDWF      R1, 1
;__Lib_Math.c,128 :: 		
0x00AB	0x0CF1      	RRF        R1, 1
;__Lib_Math.c,129 :: 		
0x00AC	0x0CF0      	RRF        R0, 1
;__Lib_Math.c,130 :: 		
0x00AD	0x0BFC      	DECFSZ     R12, 1
;__Lib_Math.c,131 :: 		
0x00AE	0x28A8      	GOTO       $-6
;__Lib_Math.c,133 :: 		
;__Lib_Math.c,134 :: 		
L_end_Mul_8X8_U:
0x00AF	0x0008      	RETURN
; end of _Mul_8X8_U
_UART1_Data_Ready:
;__Lib_UART_c67.c,16 :: 		
;__Lib_UART_c67.c,17 :: 		
0x00B0	0x3000      	MOVLW      0
0x00B1	0x1283      	BCF        STATUS, 5
0x00B2	0x1303      	BCF        STATUS, 6
0x00B3	0x1A8C      	BTFSC      PIR1, 5
0x00B4	0x3001      	MOVLW      1
0x00B5	0x00F0      	MOVWF      R0
;__Lib_UART_c67.c,18 :: 		
L_end_UART1_Data_Ready:
0x00B6	0x0008      	RETURN
; end of _UART1_Data_Ready
_Mul_16X16_U:
;__Lib_Math.c,136 :: 		
;__Lib_Math.c,143 :: 		
0x00B7	0x1283      	BCF        STATUS, 5
;__Lib_Math.c,144 :: 		
0x00B8	0x1303      	BCF        STATUS, 6
;__Lib_Math.c,145 :: 		
0x00B9	0x01FB      	CLRF       R11
;__Lib_Math.c,146 :: 		
0x00BA	0x01FA      	CLRF       R10
;__Lib_Math.c,147 :: 		
0x00BB	0x01F9      	CLRF       R9
;__Lib_Math.c,148 :: 		
0x00BC	0x3080      	MOVLW      128
;__Lib_Math.c,149 :: 		
0x00BD	0x00F8      	MOVWF      R8
;__Lib_Math.c,150 :: 		
0x00BE	0x0CF1      	RRF        R1, 1
;__Lib_Math.c,151 :: 		
0x00BF	0x0CF0      	RRF        R0, 1
;__Lib_Math.c,152 :: 		
0x00C0	0x1C03      	BTFSS      STATUS, 0
;__Lib_Math.c,153 :: 		
0x00C1	0x28CB      	GOTO       $+10
;__Lib_Math.c,154 :: 		
0x00C2	0x0874      	MOVF       R4, 0
;__Lib_Math.c,155 :: 		
0x00C3	0x07F9      	ADDWF      R9, 1
;__Lib_Math.c,156 :: 		
0x00C4	0x0875      	MOVF       R5, 0
;__Lib_Math.c,157 :: 		
0x00C5	0x1803      	BTFSC      STATUS, 0
;__Lib_Math.c,158 :: 		
0x00C6	0x0F75      	INCFSZ     R5, 0
;__Lib_Math.c,159 :: 		
0x00C7	0x07FA      	ADDWF      R10, 1
;__Lib_Math.c,160 :: 		
0x00C8	0x1803      	BTFSC      STATUS, 0
;__Lib_Math.c,161 :: 		
0x00C9	0x0AFB      	INCF       R11, 1
;__Lib_Math.c,162 :: 		
0x00CA	0x1003      	BCF        STATUS, 0
;__Lib_Math.c,163 :: 		
0x00CB	0x1FF0      	BTFSS      R0, 7
;__Lib_Math.c,164 :: 		
0x00CC	0x28D3      	GOTO       $+7
;__Lib_Math.c,165 :: 		
0x00CD	0x0874      	MOVF       R4, 0
;__Lib_Math.c,166 :: 		
0x00CE	0x07FA      	ADDWF      R10, 1
;__Lib_Math.c,167 :: 		
0x00CF	0x0875      	MOVF       R5, 0
;__Lib_Math.c,168 :: 		
0x00D0	0x1803      	BTFSC      STATUS, 0
;__Lib_Math.c,169 :: 		
0x00D1	0x0F75      	INCFSZ     R5, 0
;__Lib_Math.c,170 :: 		
0x00D2	0x07FB      	ADDWF      R11, 1
;__Lib_Math.c,171 :: 		
0x00D3	0x0CFB      	RRF        R11, 1
;__Lib_Math.c,172 :: 		
0x00D4	0x0CFA      	RRF        R10, 1
;__Lib_Math.c,173 :: 		
0x00D5	0x0CF9      	RRF        R9, 1
;__Lib_Math.c,174 :: 		
0x00D6	0x0CF8      	RRF        R8, 1
;__Lib_Math.c,175 :: 		
0x00D7	0x1C03      	BTFSS      STATUS, 0
;__Lib_Math.c,176 :: 		
0x00D8	0x28BE      	GOTO       $-26
;__Lib_Math.c,177 :: 		
0x00D9	0x087B      	MOVF       R11, 0
;__Lib_Math.c,178 :: 		
0x00DA	0x00F3      	MOVWF      R3
;__Lib_Math.c,179 :: 		
0x00DB	0x087A      	MOVF       R10, 0
;__Lib_Math.c,180 :: 		
0x00DC	0x00F2      	MOVWF      R2
;__Lib_Math.c,181 :: 		
0x00DD	0x0879      	MOVF       R9, 0
;__Lib_Math.c,182 :: 		
0x00DE	0x00F1      	MOVWF      R1
;__Lib_Math.c,183 :: 		
0x00DF	0x0878      	MOVF       R8, 0
;__Lib_Math.c,184 :: 		
0x00E0	0x00F0      	MOVWF      R0
;__Lib_Math.c,187 :: 		
L_end_Mul_16X16_U:
0x00E1	0x0008      	RETURN
; end of _Mul_16X16_U
_Div_32x32_U:
;__Lib_Math.c,1318 :: 		
;__Lib_Math.c,1327 :: 		
;__Lib_Math.c,1329 :: 		
0x00E2	0x1283      	BCF        STATUS, 5
;__Lib_Math.c,1330 :: 		
0x00E3	0x1303      	BCF        STATUS, 6
;__Lib_Math.c,1331 :: 		
0x00E4	0x01FB      	CLRF       R11
;__Lib_Math.c,1332 :: 		
0x00E5	0x01FA      	CLRF       R10
;__Lib_Math.c,1333 :: 		
0x00E6	0x01F9      	CLRF       R9
;__Lib_Math.c,1334 :: 		
0x00E7	0x01F8      	CLRF       R8
;__Lib_Math.c,1336 :: 		
0x00E8	0x01A0      	CLRF       ___math_tempb
;__Lib_Math.c,1338 :: 		
0x00E9	0x0D73      	RLF        R3, 0
;__Lib_Math.c,1339 :: 		
0x00EA	0x0DF8      	RLF        R8, 1
;__Lib_Math.c,1340 :: 		
0x00EB	0x0874      	MOVF       R4, 0
;__Lib_Math.c,1341 :: 		
0x00EC	0x02F8      	SUBWF      R8, 1
;__Lib_Math.c,1342 :: 		
0x00ED	0x0875      	MOVF       R5, 0
;__Lib_Math.c,1343 :: 		
0x00EE	0x1C03      	BTFSS      STATUS, 0
;__Lib_Math.c,1344 :: 		
0x00EF	0x0F75      	INCFSZ     R5, 0
;__Lib_Math.c,1345 :: 		
0x00F0	0x02F9      	SUBWF      R9, 1
;__Lib_Math.c,1346 :: 		
0x00F1	0x0876      	MOVF       R6, 0
;__Lib_Math.c,1347 :: 		
0x00F2	0x1C03      	BTFSS      STATUS, 0
;__Lib_Math.c,1348 :: 		
0x00F3	0x0F76      	INCFSZ     R6, 0
;__Lib_Math.c,1349 :: 		
0x00F4	0x02FA      	SUBWF      R10, 1
;__Lib_Math.c,1350 :: 		
0x00F5	0x0877      	MOVF       R7, 0
;__Lib_Math.c,1351 :: 		
0x00F6	0x1C03      	BTFSS      STATUS, 0
;__Lib_Math.c,1352 :: 		
0x00F7	0x0F77      	INCFSZ     R7, 0
;__Lib_Math.c,1353 :: 		
0x00F8	0x02FB      	SUBWF      R11, 1
;__Lib_Math.c,1355 :: 		
0x00F9	0x0100      	CLRW
;__Lib_Math.c,1356 :: 		
0x00FA	0x1C03      	BTFSS      STATUS, 0
;__Lib_Math.c,1357 :: 		
0x00FB	0x3001      	MOVLW      1
;__Lib_Math.c,1358 :: 		
0x00FC	0x02A0      	SUBWF      ___math_tempb, 1
;__Lib_Math.c,1359 :: 		
0x00FD	0x0DF3      	RLF        R3, 1
;__Lib_Math.c,1361 :: 		
0x00FE	0x3007      	MOVLW      7
;__Lib_Math.c,1362 :: 		
0x00FF	0x00FC      	MOVWF      R12
;__Lib_Math.c,1364 :: 		
LOOPU3232A:
;__Lib_Math.c,1365 :: 		
0x0100	0x0D73      	RLF        R3, 0
;__Lib_Math.c,1366 :: 		
0x0101	0x0DF8      	RLF        R8, 1
;__Lib_Math.c,1367 :: 		
0x0102	0x0DF9      	RLF        R9, 1
;__Lib_Math.c,1368 :: 		
0x0103	0x0DFA      	RLF        R10, 1
;__Lib_Math.c,1369 :: 		
0x0104	0x0DFB      	RLF        R11, 1
;__Lib_Math.c,1370 :: 		
0x0105	0x0DA0      	RLF        ___math_tempb, 1
;__Lib_Math.c,1371 :: 		
0x0106	0x0874      	MOVF       R4, 0
;__Lib_Math.c,1372 :: 		
0x0107	0x1C73      	BTFSS      R3, 0
;__Lib_Math.c,1373 :: 		
0x0108	0x291B      	GOTO       UADD22LA
;__Lib_Math.c,1375 :: 		
0x0109	0x02F8      	SUBWF      R8, 1
;__Lib_Math.c,1376 :: 		
0x010A	0x0875      	MOVF       R5, 0
;__Lib_Math.c,1377 :: 		
0x010B	0x1C03      	BTFSS      STATUS, 0
;__Lib_Math.c,1378 :: 		
0x010C	0x0F75      	INCFSZ     R5, 0
;__Lib_Math.c,1379 :: 		
0x010D	0x02F9      	SUBWF      R9, 1
;__Lib_Math.c,1380 :: 		
0x010E	0x0876      	MOVF       R6, 0
;__Lib_Math.c,1381 :: 		
0x010F	0x1C03      	BTFSS      STATUS, 0
;__Lib_Math.c,1382 :: 		
0x0110	0x0F76      	INCFSZ     R6, 0
;__Lib_Math.c,1383 :: 		
0x0111	0x02FA      	SUBWF      R10, 1
;__Lib_Math.c,1384 :: 		
0x0112	0x0877      	MOVF       R7, 0
;__Lib_Math.c,1385 :: 		
0x0113	0x1C03      	BTFSS      STATUS, 0
;__Lib_Math.c,1386 :: 		
0x0114	0x0F77      	INCFSZ     R7, 0
;__Lib_Math.c,1387 :: 		
0x0115	0x02FB      	SUBWF      R11, 1
;__Lib_Math.c,1388 :: 		
0x0116	0x0100      	CLRW
;__Lib_Math.c,1389 :: 		
0x0117	0x1C03      	BTFSS      STATUS, 0
;__Lib_Math.c,1390 :: 		
0x0118	0x3001      	MOVLW      1
;__Lib_Math.c,1391 :: 		
0x0119	0x02A0      	SUBWF      ___math_tempb, 1
;__Lib_Math.c,1392 :: 		
0x011A	0x292C      	GOTO       UOK22LA
;__Lib_Math.c,1394 :: 		
UADD22LA:
;__Lib_Math.c,1395 :: 		
0x011B	0x07F8      	ADDWF      R8, 1
;__Lib_Math.c,1396 :: 		
0x011C	0x0875      	MOVF       R5, 0
;__Lib_Math.c,1397 :: 		
0x011D	0x1803      	BTFSC      STATUS, 0
;__Lib_Math.c,1398 :: 		
0x011E	0x0F75      	INCFSZ     R5, 0
;__Lib_Math.c,1399 :: 		
0x011F	0x07F9      	ADDWF      R9, 1
;__Lib_Math.c,1400 :: 		
0x0120	0x0876      	MOVF       R6, 0
;__Lib_Math.c,1401 :: 		
0x0121	0x1803      	BTFSC      STATUS, 0
;__Lib_Math.c,1402 :: 		
0x0122	0x0F76      	INCFSZ     R6, 0
;__Lib_Math.c,1403 :: 		
0x0123	0x07FA      	ADDWF      R10, 1
;__Lib_Math.c,1404 :: 		
0x0124	0x0877      	MOVF       R7, 0
;__Lib_Math.c,1405 :: 		
0x0125	0x1803      	BTFSC      STATUS, 0
;__Lib_Math.c,1406 :: 		
0x0126	0x0F77      	INCFSZ     R7, 0
;__Lib_Math.c,1407 :: 		
0x0127	0x07FB      	ADDWF      R11, 1
;__Lib_Math.c,1408 :: 		
0x0128	0x0100      	CLRW
;__Lib_Math.c,1409 :: 		
0x0129	0x1803      	BTFSC      STATUS, 0
;__Lib_Math.c,1410 :: 		
0x012A	0x3001      	MOVLW      1
;__Lib_Math.c,1411 :: 		
0x012B	0x07A0      	ADDWF      ___math_tempb, 1
;__Lib_Math.c,1413 :: 		
UOK22LA:
;__Lib_Math.c,1414 :: 		
0x012C	0x0DF3      	RLF        R3, 1
;__Lib_Math.c,1416 :: 		
0x012D	0x0BFC      	DECFSZ     R12, 1
;__Lib_Math.c,1417 :: 		
0x012E	0x2900      	GOTO       LOOPU3232A
;__Lib_Math.c,1419 :: 		
0x012F	0x0D72      	RLF        R2, 0
;__Lib_Math.c,1420 :: 		
0x0130	0x0DF8      	RLF        R8, 1
;__Lib_Math.c,1421 :: 		
0x0131	0x0DF9      	RLF        R9, 1
;__Lib_Math.c,1422 :: 		
0x0132	0x0DFA      	RLF        R10, 1
;__Lib_Math.c,1423 :: 		
0x0133	0x0DFB      	RLF        R11, 1
;__Lib_Math.c,1424 :: 		
0x0134	0x0DA0      	RLF        ___math_tempb, 1
;__Lib_Math.c,1425 :: 		
0x0135	0x0874      	MOVF       R4, 0
;__Lib_Math.c,1426 :: 		
0x0136	0x1C73      	BTFSS      R3, 0
;__Lib_Math.c,1427 :: 		
0x0137	0x294A      	GOTO       UADD22L8
;__Lib_Math.c,1429 :: 		
0x0138	0x02F8      	SUBWF      R8, 1
;__Lib_Math.c,1430 :: 		
0x0139	0x0875      	MOVF       R5, 0
;__Lib_Math.c,1431 :: 		
0x013A	0x1C03      	BTFSS      STATUS, 0
;__Lib_Math.c,1432 :: 		
0x013B	0x0F75      	INCFSZ     R5, 0
;__Lib_Math.c,1433 :: 		
0x013C	0x02F9      	SUBWF      R9, 1
;__Lib_Math.c,1434 :: 		
0x013D	0x0876      	MOVF       R6, 0
;__Lib_Math.c,1435 :: 		
0x013E	0x1C03      	BTFSS      STATUS, 0
;__Lib_Math.c,1436 :: 		
0x013F	0x0F76      	INCFSZ     R6, 0
;__Lib_Math.c,1437 :: 		
0x0140	0x02FA      	SUBWF      R10, 1
;__Lib_Math.c,1438 :: 		
0x0141	0x0877      	MOVF       R7, 0
;__Lib_Math.c,1439 :: 		
0x0142	0x1C03      	BTFSS      STATUS, 0
;__Lib_Math.c,1440 :: 		
0x0143	0x0F77      	INCFSZ     R7, 0
;__Lib_Math.c,1441 :: 		
0x0144	0x02FB      	SUBWF      R11, 1
;__Lib_Math.c,1442 :: 		
0x0145	0x0100      	CLRW
;__Lib_Math.c,1443 :: 		
0x0146	0x1C03      	BTFSS      STATUS, 0
;__Lib_Math.c,1444 :: 		
0x0147	0x3001      	MOVLW      1
;__Lib_Math.c,1445 :: 		
0x0148	0x02A0      	SUBWF      ___math_tempb, 1
;__Lib_Math.c,1446 :: 		
0x0149	0x295B      	GOTO       UOK22L8
;__Lib_Math.c,1448 :: 		
UADD22L8:
;__Lib_Math.c,1449 :: 		
0x014A	0x07F8      	ADDWF      R8, 1
;__Lib_Math.c,1450 :: 		
0x014B	0x0875      	MOVF       R5, 0
;__Lib_Math.c,1451 :: 		
0x014C	0x1803      	BTFSC      STATUS, 0
;__Lib_Math.c,1452 :: 		
0x014D	0x0F75      	INCFSZ     R5, 0
;__Lib_Math.c,1453 :: 		
0x014E	0x07F9      	ADDWF      R9, 1
;__Lib_Math.c,1454 :: 		
0x014F	0x0876      	MOVF       R6, 0
;__Lib_Math.c,1455 :: 		
0x0150	0x1803      	BTFSC      STATUS, 0
;__Lib_Math.c,1456 :: 		
0x0151	0x0F76      	INCFSZ     R6, 0
;__Lib_Math.c,1457 :: 		
0x0152	0x07FA      	ADDWF      R10, 1
;__Lib_Math.c,1458 :: 		
0x0153	0x0877      	MOVF       R7, 0
;__Lib_Math.c,1459 :: 		
0x0154	0x1803      	BTFSC      STATUS, 0
;__Lib_Math.c,1460 :: 		
0x0155	0x0F77      	INCFSZ     R7, 0
;__Lib_Math.c,1461 :: 		
0x0156	0x07FB      	ADDWF      R11, 1
;__Lib_Math.c,1462 :: 		
0x0157	0x0100      	CLRW
;__Lib_Math.c,1463 :: 		
0x0158	0x1803      	BTFSC      STATUS, 0
;__Lib_Math.c,1464 :: 		
0x0159	0x3001      	MOVLW      1
;__Lib_Math.c,1465 :: 		
0x015A	0x07A0      	ADDWF      ___math_tempb, 1
;__Lib_Math.c,1467 :: 		
UOK22L8:
;__Lib_Math.c,1468 :: 		
0x015B	0x0DF2      	RLF        R2, 1
;__Lib_Math.c,1470 :: 		
0x015C	0x3007      	MOVLW      7
;__Lib_Math.c,1471 :: 		
0x015D	0x00FC      	MOVWF      R12
;__Lib_Math.c,1473 :: 		
LOOPU3232B:
;__Lib_Math.c,1474 :: 		
0x015E	0x0D72      	RLF        R2, 0
;__Lib_Math.c,1475 :: 		
0x015F	0x0DF8      	RLF        R8, 1
;__Lib_Math.c,1476 :: 		
0x0160	0x0DF9      	RLF        R9, 1
;__Lib_Math.c,1477 :: 		
0x0161	0x0DFA      	RLF        R10, 1
;__Lib_Math.c,1478 :: 		
0x0162	0x0DFB      	RLF        R11, 1
;__Lib_Math.c,1479 :: 		
0x0163	0x0DA0      	RLF        ___math_tempb, 1
;__Lib_Math.c,1480 :: 		
0x0164	0x0874      	MOVF       R4, 0
;__Lib_Math.c,1481 :: 		
0x0165	0x1C72      	BTFSS      R2, 0
;__Lib_Math.c,1482 :: 		
0x0166	0x2979      	GOTO       UADD22LB
;__Lib_Math.c,1484 :: 		
0x0167	0x02F8      	SUBWF      R8, 1
;__Lib_Math.c,1485 :: 		
0x0168	0x0875      	MOVF       R5, 0
;__Lib_Math.c,1486 :: 		
0x0169	0x1C03      	BTFSS      STATUS, 0
;__Lib_Math.c,1487 :: 		
0x016A	0x0F75      	INCFSZ     R5, 0
;__Lib_Math.c,1488 :: 		
0x016B	0x02F9      	SUBWF      R9, 1
;__Lib_Math.c,1489 :: 		
0x016C	0x0876      	MOVF       R6, 0
;__Lib_Math.c,1490 :: 		
0x016D	0x1C03      	BTFSS      STATUS, 0
;__Lib_Math.c,1491 :: 		
0x016E	0x0F76      	INCFSZ     R6, 0
;__Lib_Math.c,1492 :: 		
0x016F	0x02FA      	SUBWF      R10, 1
;__Lib_Math.c,1493 :: 		
0x0170	0x0877      	MOVF       R7, 0
;__Lib_Math.c,1494 :: 		
0x0171	0x1C03      	BTFSS      STATUS, 0
;__Lib_Math.c,1495 :: 		
0x0172	0x0F77      	INCFSZ     R7, 0
;__Lib_Math.c,1496 :: 		
0x0173	0x02FB      	SUBWF      R11, 1
;__Lib_Math.c,1497 :: 		
0x0174	0x0100      	CLRW
;__Lib_Math.c,1498 :: 		
0x0175	0x1C03      	BTFSS      STATUS, 0
;__Lib_Math.c,1499 :: 		
0x0176	0x3001      	MOVLW      1
;__Lib_Math.c,1500 :: 		
0x0177	0x02A0      	SUBWF      ___math_tempb, 1
;__Lib_Math.c,1501 :: 		
0x0178	0x298A      	GOTO       UOK22LB
;__Lib_Math.c,1503 :: 		
UADD22LB:
;__Lib_Math.c,1504 :: 		
0x0179	0x07F8      	ADDWF      R8, 1
;__Lib_Math.c,1505 :: 		
0x017A	0x0875      	MOVF       R5, 0
;__Lib_Math.c,1506 :: 		
0x017B	0x1803      	BTFSC      STATUS, 0
;__Lib_Math.c,1507 :: 		
0x017C	0x0F75      	INCFSZ     R5, 0
;__Lib_Math.c,1508 :: 		
0x017D	0x07F9      	ADDWF      R9, 1
;__Lib_Math.c,1509 :: 		
0x017E	0x0876      	MOVF       R6, 0
;__Lib_Math.c,1510 :: 		
0x017F	0x1803      	BTFSC      STATUS, 0
;__Lib_Math.c,1511 :: 		
0x0180	0x0F76      	INCFSZ     R6, 0
;__Lib_Math.c,1512 :: 		
0x0181	0x07FA      	ADDWF      R10, 1
;__Lib_Math.c,1513 :: 		
0x0182	0x0877      	MOVF       R7, 0
;__Lib_Math.c,1514 :: 		
0x0183	0x1803      	BTFSC      STATUS, 0
;__Lib_Math.c,1515 :: 		
0x0184	0x0F77      	INCFSZ     R7, 0
;__Lib_Math.c,1516 :: 		
0x0185	0x07FB      	ADDWF      R11, 1
;__Lib_Math.c,1517 :: 		
0x0186	0x0100      	CLRW
;__Lib_Math.c,1518 :: 		
0x0187	0x1803      	BTFSC      STATUS, 0
;__Lib_Math.c,1519 :: 		
0x0188	0x3001      	MOVLW      1
;__Lib_Math.c,1520 :: 		
0x0189	0x07A0      	ADDWF      ___math_tempb, 1
;__Lib_Math.c,1522 :: 		
UOK22LB:
;__Lib_Math.c,1523 :: 		
0x018A	0x0DF2      	RLF        R2, 1
;__Lib_Math.c,1525 :: 		
0x018B	0x0BFC      	DECFSZ     R12, 1
;__Lib_Math.c,1526 :: 		
0x018C	0x295E      	GOTO       LOOPU3232B
;__Lib_Math.c,1528 :: 		
0x018D	0x0D71      	RLF        R1, 0
;__Lib_Math.c,1529 :: 		
0x018E	0x0DF8      	RLF        R8, 1
;__Lib_Math.c,1530 :: 		
0x018F	0x0DF9      	RLF        R9, 1
;__Lib_Math.c,1531 :: 		
0x0190	0x0DFA      	RLF        R10, 1
;__Lib_Math.c,1532 :: 		
0x0191	0x0DFB      	RLF        R11, 1
;__Lib_Math.c,1533 :: 		
0x0192	0x0DA0      	RLF        ___math_tempb, 1
;__Lib_Math.c,1534 :: 		
0x0193	0x0874      	MOVF       R4, 0
;__Lib_Math.c,1535 :: 		
0x0194	0x1C72      	BTFSS      R2, 0
;__Lib_Math.c,1536 :: 		
0x0195	0x29A8      	GOTO       UADD22L16
;__Lib_Math.c,1538 :: 		
0x0196	0x02F8      	SUBWF      R8, 1
;__Lib_Math.c,1539 :: 		
0x0197	0x0875      	MOVF       R5, 0
;__Lib_Math.c,1540 :: 		
0x0198	0x1C03      	BTFSS      STATUS, 0
;__Lib_Math.c,1541 :: 		
0x0199	0x0F75      	INCFSZ     R5, 0
;__Lib_Math.c,1542 :: 		
0x019A	0x02F9      	SUBWF      R9, 1
;__Lib_Math.c,1543 :: 		
0x019B	0x0876      	MOVF       R6, 0
;__Lib_Math.c,1544 :: 		
0x019C	0x1C03      	BTFSS      STATUS, 0
;__Lib_Math.c,1545 :: 		
0x019D	0x0F76      	INCFSZ     R6, 0
;__Lib_Math.c,1546 :: 		
0x019E	0x02FA      	SUBWF      R10, 1
;__Lib_Math.c,1547 :: 		
0x019F	0x0877      	MOVF       R7, 0
;__Lib_Math.c,1548 :: 		
0x01A0	0x1C03      	BTFSS      STATUS, 0
;__Lib_Math.c,1549 :: 		
0x01A1	0x0F77      	INCFSZ     R7, 0
;__Lib_Math.c,1550 :: 		
0x01A2	0x02FB      	SUBWF      R11, 1
;__Lib_Math.c,1551 :: 		
0x01A3	0x0100      	CLRW
;__Lib_Math.c,1552 :: 		
0x01A4	0x1C03      	BTFSS      STATUS, 0
;__Lib_Math.c,1553 :: 		
0x01A5	0x3001      	MOVLW      1
;__Lib_Math.c,1554 :: 		
0x01A6	0x02A0      	SUBWF      ___math_tempb, 1
;__Lib_Math.c,1555 :: 		
0x01A7	0x29B9      	GOTO       UOK22L16
;__Lib_Math.c,1557 :: 		
UADD22L16:
;__Lib_Math.c,1558 :: 		
0x01A8	0x07F8      	ADDWF      R8, 1
;__Lib_Math.c,1559 :: 		
0x01A9	0x0875      	MOVF       R5, 0
;__Lib_Math.c,1560 :: 		
0x01AA	0x1803      	BTFSC      STATUS, 0
;__Lib_Math.c,1561 :: 		
0x01AB	0x0F75      	INCFSZ     R5, 0
;__Lib_Math.c,1562 :: 		
0x01AC	0x07F9      	ADDWF      R9, 1
;__Lib_Math.c,1563 :: 		
0x01AD	0x0876      	MOVF       R6, 0
;__Lib_Math.c,1564 :: 		
0x01AE	0x1803      	BTFSC      STATUS, 0
;__Lib_Math.c,1565 :: 		
0x01AF	0x0F76      	INCFSZ     R6, 0
;__Lib_Math.c,1566 :: 		
0x01B0	0x07FA      	ADDWF      R10, 1
;__Lib_Math.c,1567 :: 		
0x01B1	0x0877      	MOVF       R7, 0
;__Lib_Math.c,1568 :: 		
0x01B2	0x1803      	BTFSC      STATUS, 0
;__Lib_Math.c,1569 :: 		
0x01B3	0x0F77      	INCFSZ     R7, 0
;__Lib_Math.c,1570 :: 		
0x01B4	0x07FB      	ADDWF      R11, 1
;__Lib_Math.c,1571 :: 		
0x01B5	0x0100      	CLRW
;__Lib_Math.c,1572 :: 		
0x01B6	0x1803      	BTFSC      STATUS, 0
;__Lib_Math.c,1573 :: 		
0x01B7	0x3001      	MOVLW      1
;__Lib_Math.c,1574 :: 		
0x01B8	0x07A0      	ADDWF      ___math_tempb, 1
;__Lib_Math.c,1576 :: 		
UOK22L16:
;__Lib_Math.c,1577 :: 		
0x01B9	0x0DF1      	RLF        R1, 1
;__Lib_Math.c,1579 :: 		
0x01BA	0x3007      	MOVLW      7
;__Lib_Math.c,1580 :: 		
0x01BB	0x00FC      	MOVWF      R12
;__Lib_Math.c,1582 :: 		
LOOPU3232C:
;__Lib_Math.c,1583 :: 		
0x01BC	0x0D71      	RLF        R1, 0
;__Lib_Math.c,1584 :: 		
0x01BD	0x0DF8      	RLF        R8, 1
;__Lib_Math.c,1585 :: 		
0x01BE	0x0DF9      	RLF        R9, 1
;__Lib_Math.c,1586 :: 		
0x01BF	0x0DFA      	RLF        R10, 1
;__Lib_Math.c,1587 :: 		
0x01C0	0x0DFB      	RLF        R11, 1
;__Lib_Math.c,1588 :: 		
0x01C1	0x0DA0      	RLF        ___math_tempb, 1
;__Lib_Math.c,1589 :: 		
0x01C2	0x0874      	MOVF       R4, 0
;__Lib_Math.c,1590 :: 		
0x01C3	0x1C71      	BTFSS      R1, 0
;__Lib_Math.c,1591 :: 		
0x01C4	0x29D7      	GOTO       UADD22LC
;__Lib_Math.c,1593 :: 		
0x01C5	0x02F8      	SUBWF      R8, 1
;__Lib_Math.c,1594 :: 		
0x01C6	0x0875      	MOVF       R5, 0
;__Lib_Math.c,1595 :: 		
0x01C7	0x1C03      	BTFSS      STATUS, 0
;__Lib_Math.c,1596 :: 		
0x01C8	0x0F75      	INCFSZ     R5, 0
;__Lib_Math.c,1597 :: 		
0x01C9	0x02F9      	SUBWF      R9, 1
;__Lib_Math.c,1598 :: 		
0x01CA	0x0876      	MOVF       R6, 0
;__Lib_Math.c,1599 :: 		
0x01CB	0x1C03      	BTFSS      STATUS, 0
;__Lib_Math.c,1600 :: 		
0x01CC	0x0F76      	INCFSZ     R6, 0
;__Lib_Math.c,1601 :: 		
0x01CD	0x02FA      	SUBWF      R10, 1
;__Lib_Math.c,1602 :: 		
0x01CE	0x0877      	MOVF       R7, 0
;__Lib_Math.c,1603 :: 		
0x01CF	0x1C03      	BTFSS      STATUS, 0
;__Lib_Math.c,1604 :: 		
0x01D0	0x0F77      	INCFSZ     R7, 0
;__Lib_Math.c,1605 :: 		
0x01D1	0x02FB      	SUBWF      R11, 1
;__Lib_Math.c,1606 :: 		
0x01D2	0x0100      	CLRW
;__Lib_Math.c,1607 :: 		
0x01D3	0x1C03      	BTFSS      STATUS, 0
;__Lib_Math.c,1608 :: 		
0x01D4	0x3001      	MOVLW      1
;__Lib_Math.c,1609 :: 		
0x01D5	0x02A0      	SUBWF      ___math_tempb, 1
;__Lib_Math.c,1610 :: 		
0x01D6	0x29E8      	GOTO       UOK22LC
;__Lib_Math.c,1612 :: 		
UADD22LC:
;__Lib_Math.c,1613 :: 		
0x01D7	0x07F8      	ADDWF      R8, 1
;__Lib_Math.c,1614 :: 		
0x01D8	0x0875      	MOVF       R5, 0
;__Lib_Math.c,1615 :: 		
0x01D9	0x1803      	BTFSC      STATUS, 0
;__Lib_Math.c,1616 :: 		
0x01DA	0x0F75      	INCFSZ     R5, 0
;__Lib_Math.c,1617 :: 		
0x01DB	0x07F9      	ADDWF      R9, 1
;__Lib_Math.c,1618 :: 		
0x01DC	0x0876      	MOVF       R6, 0
;__Lib_Math.c,1619 :: 		
0x01DD	0x1803      	BTFSC      STATUS, 0
;__Lib_Math.c,1620 :: 		
0x01DE	0x0F76      	INCFSZ     R6, 0
;__Lib_Math.c,1621 :: 		
0x01DF	0x07FA      	ADDWF      R10, 1
;__Lib_Math.c,1622 :: 		
0x01E0	0x0877      	MOVF       R7, 0
;__Lib_Math.c,1623 :: 		
0x01E1	0x1803      	BTFSC      STATUS, 0
;__Lib_Math.c,1624 :: 		
0x01E2	0x0F77      	INCFSZ     R7, 0
;__Lib_Math.c,1625 :: 		
0x01E3	0x07FB      	ADDWF      R11, 1
;__Lib_Math.c,1626 :: 		
0x01E4	0x0100      	CLRW
;__Lib_Math.c,1627 :: 		
0x01E5	0x1803      	BTFSC      STATUS, 0
;__Lib_Math.c,1628 :: 		
0x01E6	0x3001      	MOVLW      1
;__Lib_Math.c,1629 :: 		
0x01E7	0x07A0      	ADDWF      ___math_tempb, 1
;__Lib_Math.c,1631 :: 		
UOK22LC:
;__Lib_Math.c,1632 :: 		
0x01E8	0x0DF1      	RLF        R1, 1
;__Lib_Math.c,1634 :: 		
0x01E9	0x0BFC      	DECFSZ     R12, 1
;__Lib_Math.c,1635 :: 		
0x01EA	0x29BC      	GOTO       LOOPU3232C
;__Lib_Math.c,1637 :: 		
0x01EB	0x0D70      	RLF        R0, 0
;__Lib_Math.c,1638 :: 		
0x01EC	0x0DF8      	RLF        R8, 1
;__Lib_Math.c,1639 :: 		
0x01ED	0x0DF9      	RLF        R9, 1
;__Lib_Math.c,1640 :: 		
0x01EE	0x0DFA      	RLF        R10, 1
;__Lib_Math.c,1641 :: 		
0x01EF	0x0DFB      	RLF        R11, 1
;__Lib_Math.c,1642 :: 		
0x01F0	0x0DA0      	RLF        ___math_tempb, 1
;__Lib_Math.c,1643 :: 		
0x01F1	0x0874      	MOVF       R4, 0
;__Lib_Math.c,1644 :: 		
0x01F2	0x1C71      	BTFSS      R1, 0
;__Lib_Math.c,1645 :: 		
0x01F3	0x2A06      	GOTO       UADD22L24
;__Lib_Math.c,1647 :: 		
0x01F4	0x02F8      	SUBWF      R8, 1
;__Lib_Math.c,1648 :: 		
0x01F5	0x0875      	MOVF       R5, 0
;__Lib_Math.c,1649 :: 		
0x01F6	0x1C03      	BTFSS      STATUS, 0
;__Lib_Math.c,1650 :: 		
0x01F7	0x0F75      	INCFSZ     R5, 0
;__Lib_Math.c,1651 :: 		
0x01F8	0x02F9      	SUBWF      R9, 1
;__Lib_Math.c,1652 :: 		
0x01F9	0x0876      	MOVF       R6, 0
;__Lib_Math.c,1653 :: 		
0x01FA	0x1C03      	BTFSS      STATUS, 0
;__Lib_Math.c,1654 :: 		
0x01FB	0x0F76      	INCFSZ     R6, 0
;__Lib_Math.c,1655 :: 		
0x01FC	0x02FA      	SUBWF      R10, 1
;__Lib_Math.c,1656 :: 		
0x01FD	0x0877      	MOVF       R7, 0
;__Lib_Math.c,1657 :: 		
0x01FE	0x1C03      	BTFSS      STATUS, 0
;__Lib_Math.c,1658 :: 		
0x01FF	0x0F77      	INCFSZ     R7, 0
;__Lib_Math.c,1659 :: 		
0x0200	0x02FB      	SUBWF      R11, 1
;__Lib_Math.c,1660 :: 		
0x0201	0x0100      	CLRW
;__Lib_Math.c,1661 :: 		
0x0202	0x1C03      	BTFSS      STATUS, 0
;__Lib_Math.c,1662 :: 		
0x0203	0x3001      	MOVLW      1
;__Lib_Math.c,1663 :: 		
0x0204	0x02A0      	SUBWF      ___math_tempb, 1
;__Lib_Math.c,1664 :: 		
0x0205	0x2A17      	GOTO       UOK22L24
;__Lib_Math.c,1666 :: 		
UADD22L24:
;__Lib_Math.c,1667 :: 		
0x0206	0x07F8      	ADDWF      R8, 1
;__Lib_Math.c,1668 :: 		
0x0207	0x0875      	MOVF       R5, 0
;__Lib_Math.c,1669 :: 		
0x0208	0x1803      	BTFSC      STATUS, 0
;__Lib_Math.c,1670 :: 		
0x0209	0x0F75      	INCFSZ     R5, 0
;__Lib_Math.c,1671 :: 		
0x020A	0x07F9      	ADDWF      R9, 1
;__Lib_Math.c,1672 :: 		
0x020B	0x0876      	MOVF       R6, 0
;__Lib_Math.c,1673 :: 		
0x020C	0x1803      	BTFSC      STATUS, 0
;__Lib_Math.c,1674 :: 		
0x020D	0x0F76      	INCFSZ     R6, 0
;__Lib_Math.c,1675 :: 		
0x020E	0x07FA      	ADDWF      R10, 1
;__Lib_Math.c,1676 :: 		
0x020F	0x0877      	MOVF       R7, 0
;__Lib_Math.c,1677 :: 		
0x0210	0x1803      	BTFSC      STATUS, 0
;__Lib_Math.c,1678 :: 		
0x0211	0x0F77      	INCFSZ     R7, 0
;__Lib_Math.c,1679 :: 		
0x0212	0x07FB      	ADDWF      R11, 1
;__Lib_Math.c,1680 :: 		
0x0213	0x0100      	CLRW
;__Lib_Math.c,1681 :: 		
0x0214	0x1803      	BTFSC      STATUS, 0
;__Lib_Math.c,1682 :: 		
0x0215	0x3001      	MOVLW      1
;__Lib_Math.c,1683 :: 		
0x0216	0x07A0      	ADDWF      ___math_tempb, 1
;__Lib_Math.c,1685 :: 		
UOK22L24:
;__Lib_Math.c,1686 :: 		
0x0217	0x0DF0      	RLF        R0, 1
;__Lib_Math.c,1688 :: 		
0x0218	0x3007      	MOVLW      7
;__Lib_Math.c,1689 :: 		
0x0219	0x00FC      	MOVWF      R12
;__Lib_Math.c,1691 :: 		
LOOPU3232D:
;__Lib_Math.c,1692 :: 		
0x021A	0x0D70      	RLF        R0, 0
;__Lib_Math.c,1693 :: 		
0x021B	0x0DF8      	RLF        R8, 1
;__Lib_Math.c,1694 :: 		
0x021C	0x0DF9      	RLF        R9, 1
;__Lib_Math.c,1695 :: 		
0x021D	0x0DFA      	RLF        R10, 1
;__Lib_Math.c,1696 :: 		
0x021E	0x0DFB      	RLF        R11, 1
;__Lib_Math.c,1697 :: 		
0x021F	0x0DA0      	RLF        ___math_tempb, 1
;__Lib_Math.c,1698 :: 		
0x0220	0x0874      	MOVF       R4, 0
;__Lib_Math.c,1699 :: 		
0x0221	0x1C70      	BTFSS      R0, 0
;__Lib_Math.c,1700 :: 		
0x0222	0x2A35      	GOTO       UADD22LD
;__Lib_Math.c,1702 :: 		
0x0223	0x02F8      	SUBWF      R8, 1
;__Lib_Math.c,1703 :: 		
0x0224	0x0875      	MOVF       R5, 0
;__Lib_Math.c,1704 :: 		
0x0225	0x1C03      	BTFSS      STATUS, 0
;__Lib_Math.c,1705 :: 		
0x0226	0x0F75      	INCFSZ     R5, 0
;__Lib_Math.c,1706 :: 		
0x0227	0x02F9      	SUBWF      R9, 1
;__Lib_Math.c,1707 :: 		
0x0228	0x0876      	MOVF       R6, 0
;__Lib_Math.c,1708 :: 		
0x0229	0x1C03      	BTFSS      STATUS, 0
;__Lib_Math.c,1709 :: 		
0x022A	0x0F76      	INCFSZ     R6, 0
;__Lib_Math.c,1710 :: 		
0x022B	0x02FA      	SUBWF      R10, 1
;__Lib_Math.c,1711 :: 		
0x022C	0x0877      	MOVF       R7, 0
;__Lib_Math.c,1712 :: 		
0x022D	0x1C03      	BTFSS      STATUS, 0
;__Lib_Math.c,1713 :: 		
0x022E	0x0F77      	INCFSZ     R7, 0
;__Lib_Math.c,1714 :: 		
0x022F	0x02FB      	SUBWF      R11, 1
;__Lib_Math.c,1715 :: 		
0x0230	0x0100      	CLRW
;__Lib_Math.c,1716 :: 		
0x0231	0x1C03      	BTFSS      STATUS, 0
;__Lib_Math.c,1717 :: 		
0x0232	0x3001      	MOVLW      1
;__Lib_Math.c,1718 :: 		
0x0233	0x02A0      	SUBWF      ___math_tempb, 1
;__Lib_Math.c,1719 :: 		
0x0234	0x2A46      	GOTO       UOK22LD
;__Lib_Math.c,1721 :: 		
UADD22LD:
;__Lib_Math.c,1722 :: 		
0x0235	0x07F8      	ADDWF      R8, 1
;__Lib_Math.c,1723 :: 		
0x0236	0x0875      	MOVF       R5, 0
;__Lib_Math.c,1724 :: 		
0x0237	0x1803      	BTFSC      STATUS, 0
;__Lib_Math.c,1725 :: 		
0x0238	0x0F75      	INCFSZ     R5, 0
;__Lib_Math.c,1726 :: 		
0x0239	0x07F9      	ADDWF      R9, 1
;__Lib_Math.c,1727 :: 		
0x023A	0x0876      	MOVF       R6, 0
;__Lib_Math.c,1728 :: 		
0x023B	0x1803      	BTFSC      STATUS, 0
;__Lib_Math.c,1729 :: 		
0x023C	0x0F76      	INCFSZ     R6, 0
;__Lib_Math.c,1730 :: 		
0x023D	0x07FA      	ADDWF      R10, 1
;__Lib_Math.c,1731 :: 		
0x023E	0x0877      	MOVF       R7, 0
;__Lib_Math.c,1732 :: 		
0x023F	0x1803      	BTFSC      STATUS, 0
;__Lib_Math.c,1733 :: 		
0x0240	0x0F77      	INCFSZ     R7, 0
;__Lib_Math.c,1734 :: 		
0x0241	0x07FB      	ADDWF      R11, 1
;__Lib_Math.c,1735 :: 		
0x0242	0x0100      	CLRW
;__Lib_Math.c,1736 :: 		
0x0243	0x1803      	BTFSC      STATUS, 0
;__Lib_Math.c,1737 :: 		
0x0244	0x3001      	MOVLW      1
;__Lib_Math.c,1738 :: 		
0x0245	0x07A0      	ADDWF      ___math_tempb, 1
;__Lib_Math.c,1740 :: 		
UOK22LD:
;__Lib_Math.c,1741 :: 		
0x0246	0x0DF0      	RLF        R0, 1
;__Lib_Math.c,1743 :: 		
0x0247	0x0BFC      	DECFSZ     R12, 1
;__Lib_Math.c,1744 :: 		
0x0248	0x2A1A      	GOTO       LOOPU3232D
;__Lib_Math.c,1746 :: 		
0x0249	0x1870      	BTFSC      R0, 0
;__Lib_Math.c,1747 :: 		
0x024A	0x2A59      	GOTO       UOK22L
;__Lib_Math.c,1748 :: 		
0x024B	0x0874      	MOVF       R4, 0
;__Lib_Math.c,1749 :: 		
0x024C	0x07F8      	ADDWF      R8, 1
;__Lib_Math.c,1750 :: 		
0x024D	0x0875      	MOVF       R5, 0
;__Lib_Math.c,1751 :: 		
0x024E	0x1803      	BTFSC      STATUS, 0
;__Lib_Math.c,1752 :: 		
0x024F	0x0F75      	INCFSZ     R5, 0
;__Lib_Math.c,1753 :: 		
0x0250	0x07F9      	ADDWF      R9, 1
;__Lib_Math.c,1754 :: 		
0x0251	0x0876      	MOVF       R6, 0
;__Lib_Math.c,1755 :: 		
0x0252	0x1803      	BTFSC      STATUS, 0
;__Lib_Math.c,1756 :: 		
0x0253	0x0F76      	INCFSZ     R6, 0
;__Lib_Math.c,1757 :: 		
0x0254	0x07FA      	ADDWF      R10, 1
;__Lib_Math.c,1758 :: 		
0x0255	0x0877      	MOVF       R7, 0
;__Lib_Math.c,1759 :: 		
0x0256	0x1803      	BTFSC      STATUS, 0
;__Lib_Math.c,1760 :: 		
0x0257	0x0F77      	INCFSZ     R7, 0
;__Lib_Math.c,1761 :: 		
0x0258	0x07FB      	ADDWF      R11, 1
;__Lib_Math.c,1763 :: 		
UOK22L:
;__Lib_Math.c,1766 :: 		
L_end_Div_32x32_U:
0x0259	0x0008      	RETURN
; end of _Div_32x32_U
_process_uart_data:
;lasthope.c,77 :: 		void process_uart_data() {
;lasthope.c,78 :: 		if (UART1_Data_Ready()) {
0x025A	0x20B0      	CALL       _UART1_Data_Ready
0x025B	0x0870      	MOVF       R0, 0
0x025C	0x1903      	BTFSC      STATUS, 2
0x025D	0x2A7B      	GOTO       L_process_uart_data4
;lasthope.c,79 :: 		char ch = UART1_Read();
0x025E	0x206E      	CALL       _UART1_Read
0x025F	0x0870      	MOVF       R0, 0
0x0260	0x1703      	BSF        STATUS, 6
0x0261	0x00C3      	MOVWF      process_uart_data_ch_L1
;lasthope.c,81 :: 		if (ch == '\n') {
0x0262	0x0870      	MOVF       R0, 0
0x0263	0x3A0A      	XORLW      10
0x0264	0x1D03      	BTFSS      STATUS, 2
0x0265	0x2A6B      	GOTO       L_process_uart_data5
;lasthope.c,82 :: 		uart_ready = 1;
0x0266	0x3001      	MOVLW      1
0x0267	0x1683      	BSF        STATUS, 5
0x0268	0x1303      	BCF        STATUS, 6
0x0269	0x00E4      	MOVWF      _uart_ready
;lasthope.c,83 :: 		}
0x026A	0x2A7B      	GOTO       L_process_uart_data6
L_process_uart_data5:
0x026B	0x1683      	BSF        STATUS, 5
0x026C	0x1303      	BCF        STATUS, 6
;lasthope.c,84 :: 		else if (uart_index < 11) { // Gi?m t? 15 xu?ng 11 d? match buffer[12]
0x026D	0x300B      	MOVLW      11
0x026E	0x0263      	SUBWF      _uart_index, 0
0x026F	0x1803      	BTFSC      STATUS, 0
0x0270	0x2A7B      	GOTO       L_process_uart_data7
;lasthope.c,85 :: 		uart_buffer[uart_index++] = ch;
0x0271	0x0863      	MOVF       _uart_index, 0
0x0272	0x3E36      	ADDLW      _uart_buffer
0x0273	0x0084      	MOVWF      FSR
0x0274	0x1283      	BCF        STATUS, 5
0x0275	0x1703      	BSF        STATUS, 6
0x0276	0x0843      	MOVF       process_uart_data_ch_L1, 0
0x0277	0x0080      	MOVWF      INDF
0x0278	0x1683      	BSF        STATUS, 5
0x0279	0x1303      	BCF        STATUS, 6
0x027A	0x0AE3      	INCF       _uart_index, 1
;lasthope.c,86 :: 		}
L_process_uart_data7:
L_process_uart_data6:
;lasthope.c,87 :: 		}
L_process_uart_data4:
0x027B	0x1683      	BSF        STATUS, 5
;lasthope.c,90 :: 		if (uart_ready) {
0x027C	0x0864      	MOVF       _uart_ready, 0
0x027D	0x1903      	BTFSC      STATUS, 2
0x027E	0x2AF6      	GOTO       L_process_uart_data8
;lasthope.c,91 :: 		uart_buffer[uart_index] = '\0';
0x027F	0x0863      	MOVF       _uart_index, 0
0x0280	0x3E36      	ADDLW      _uart_buffer
0x0281	0x0084      	MOVWF      FSR
0x0282	0x0180      	CLRF       INDF
;lasthope.c,92 :: 		uart_ready = 0;
0x0283	0x01E4      	CLRF       _uart_ready
;lasthope.c,95 :: 		if (!calibrating) {
0x0284	0x086B      	MOVF       _calibrating, 0
0x0285	0x1D03      	BTFSS      STATUS, 2
0x0286	0x2AF3      	GOTO       L_process_uart_data9
;lasthope.c,98 :: 		uart_buffer[0] == 'T' && uart_buffer[1] == 'H' &&
0x0287	0x300A      	MOVLW      10
0x0288	0x0263      	SUBWF      _uart_index, 0
0x0289	0x1C03      	BTFSS      STATUS, 0
0x028A	0x2AF3      	GOTO       L_process_uart_data12
0x028B	0x1283      	BCF        STATUS, 5
0x028C	0x1703      	BSF        STATUS, 6
0x028D	0x0836      	MOVF       _uart_buffer, 0
0x028E	0x3A54      	XORLW      84
0x028F	0x1D03      	BTFSS      STATUS, 2
0x0290	0x2AF3      	GOTO       L_process_uart_data12
0x0291	0x0837      	MOVF       _uart_buffer+1, 0
0x0292	0x3A48      	XORLW      72
0x0293	0x1D03      	BTFSS      STATUS, 2
0x0294	0x2AF3      	GOTO       L_process_uart_data12
;lasthope.c,99 :: 		uart_buffer[2] == 'R' && uart_buffer[9] == ':') {
0x0295	0x0838      	MOVF       _uart_buffer+2, 0
0x0296	0x3A52      	XORLW      82
0x0297	0x1D03      	BTFSS      STATUS, 2
0x0298	0x2AF3      	GOTO       L_process_uart_data12
0x0299	0x083F      	MOVF       _uart_buffer+9, 0
0x029A	0x3A3A      	XORLW      58
0x029B	0x1D03      	BTFSS      STATUS, 2
0x029C	0x2AF3      	GOTO       L_process_uart_data12
L__process_uart_data45:
;lasthope.c,101 :: 		unsigned int val = 0;
0x029D	0x01C4      	CLRF       process_uart_data_val_L3
0x029E	0x01C5      	CLRF       process_uart_data_val_L3+1
0x029F	0x300A      	MOVLW      10
0x02A0	0x00C6      	MOVWF      process_uart_data_i_L3
;lasthope.c,105 :: 		while (i < uart_index && uart_buffer[i] >= '0' && uart_buffer[i] <= '9') {
L_process_uart_data13:
0x02A1	0x1683      	BSF        STATUS, 5
0x02A2	0x1303      	BCF        STATUS, 6
0x02A3	0x0863      	MOVF       _uart_index, 0
0x02A4	0x1283      	BCF        STATUS, 5
0x02A5	0x1703      	BSF        STATUS, 6
0x02A6	0x0246      	SUBWF      process_uart_data_i_L3, 0
0x02A7	0x1803      	BTFSC      STATUS, 0
0x02A8	0x2AD4      	GOTO       L_process_uart_data14
0x02A9	0x0846      	MOVF       process_uart_data_i_L3, 0
0x02AA	0x3E36      	ADDLW      _uart_buffer
0x02AB	0x0084      	MOVWF      FSR
0x02AC	0x3030      	MOVLW      48
0x02AD	0x0200      	SUBWF      INDF, 0
0x02AE	0x1C03      	BTFSS      STATUS, 0
0x02AF	0x2AD4      	GOTO       L_process_uart_data14
0x02B0	0x0846      	MOVF       process_uart_data_i_L3, 0
0x02B1	0x3E36      	ADDLW      _uart_buffer
0x02B2	0x0084      	MOVWF      FSR
0x02B3	0x0800      	MOVF       INDF, 0
0x02B4	0x3C39      	SUBLW      57
0x02B5	0x1C03      	BTFSS      STATUS, 0
0x02B6	0x2AD4      	GOTO       L_process_uart_data14
L__process_uart_data44:
;lasthope.c,106 :: 		val = val * 10 + (uart_buffer[i] - '0');
0x02B7	0x0844      	MOVF       process_uart_data_val_L3, 0
0x02B8	0x00F0      	MOVWF      R0
0x02B9	0x0845      	MOVF       process_uart_data_val_L3+1, 0
0x02BA	0x00F1      	MOVWF      R0+1
0x02BB	0x300A      	MOVLW      10
0x02BC	0x00F4      	MOVWF      R4
0x02BD	0x3000      	MOVLW      0
0x02BE	0x00F5      	MOVWF      R4+1
0x02BF	0x20B7      	CALL       _Mul_16X16_U
0x02C0	0x1703      	BSF        STATUS, 6
0x02C1	0x0846      	MOVF       process_uart_data_i_L3, 0
0x02C2	0x3E36      	ADDLW      _uart_buffer
0x02C3	0x0084      	MOVWF      FSR
0x02C4	0x3030      	MOVLW      48
0x02C5	0x0200      	SUBWF      INDF, 0
0x02C6	0x00F2      	MOVWF      R2
0x02C7	0x01F3      	CLRF       R2+1
0x02C8	0x1C03      	BTFSS      STATUS, 0
0x02C9	0x03F3      	DECF       R2+1, 1
0x02CA	0x0872      	MOVF       R2, 0
0x02CB	0x0770      	ADDWF      R0, 0
0x02CC	0x00C4      	MOVWF      process_uart_data_val_L3
0x02CD	0x0871      	MOVF       R0+1, 0
0x02CE	0x1803      	BTFSC      STATUS, 0
0x02CF	0x3E01      	ADDLW      1
0x02D0	0x0773      	ADDWF      R2+1, 0
0x02D1	0x00C5      	MOVWF      process_uart_data_val_L3+1
;lasthope.c,107 :: 		i++;
0x02D2	0x0AC6      	INCF       process_uart_data_i_L3, 1
;lasthope.c,108 :: 		}
0x02D3	0x2AA1      	GOTO       L_process_uart_data13
L_process_uart_data14:
;lasthope.c,111 :: 		if (val > 100 && val < 5000) {
0x02D4	0x0845      	MOVF       process_uart_data_val_L3+1, 0
0x02D5	0x3C00      	SUBLW      0
0x02D6	0x1D03      	BTFSS      STATUS, 2
0x02D7	0x2ADA      	GOTO       L__process_uart_data50
0x02D8	0x0844      	MOVF       process_uart_data_val_L3, 0
0x02D9	0x3C64      	SUBLW      100
L__process_uart_data50:
0x02DA	0x1803      	BTFSC      STATUS, 0
0x02DB	0x2AF3      	GOTO       L_process_uart_data19
0x02DC	0x3013      	MOVLW      19
0x02DD	0x0245      	SUBWF      process_uart_data_val_L3+1, 0
0x02DE	0x1D03      	BTFSS      STATUS, 2
0x02DF	0x2AE2      	GOTO       L__process_uart_data51
0x02E0	0x3088      	MOVLW      136
0x02E1	0x0244      	SUBWF      process_uart_data_val_L3, 0
L__process_uart_data51:
0x02E2	0x1803      	BTFSC      STATUS, 0
0x02E3	0x2AF3      	GOTO       L_process_uart_data19
L__process_uart_data43:
;lasthope.c,112 :: 		NGUONG_CHAM = val;
0x02E4	0x0844      	MOVF       process_uart_data_val_L3, 0
0x02E5	0x1683      	BSF        STATUS, 5
0x02E6	0x1303      	BCF        STATUS, 6
0x02E7	0x00E9      	MOVWF      _NGUONG_CHAM
0x02E8	0x1283      	BCF        STATUS, 5
0x02E9	0x1703      	BSF        STATUS, 6
0x02EA	0x0845      	MOVF       process_uart_data_val_L3+1, 0
0x02EB	0x1683      	BSF        STATUS, 5
0x02EC	0x1303      	BCF        STATUS, 6
0x02ED	0x00EA      	MOVWF      _NGUONG_CHAM+1
;lasthope.c,113 :: 		UART1_Write('T'); // Xác nh?n c?p nh?t thành công
0x02EE	0x3054      	MOVLW      84
0x02EF	0x1283      	BCF        STATUS, 5
0x02F0	0x1703      	BSF        STATUS, 6
0x02F1	0x00CC      	MOVWF      FARG_UART1_Write_data_
0x02F2	0x2020      	CALL       _UART1_Write
;lasthope.c,114 :: 		}
L_process_uart_data19:
;lasthope.c,115 :: 		}
L_process_uart_data12:
;lasthope.c,116 :: 		}
L_process_uart_data9:
0x02F3	0x1303      	BCF        STATUS, 6
;lasthope.c,118 :: 		uart_index = 0; // Reset
0x02F4	0x1683      	BSF        STATUS, 5
0x02F5	0x01E3      	CLRF       _uart_index
;lasthope.c,119 :: 		}
L_process_uart_data8:
;lasthope.c,120 :: 		}
L_end_process_uart_data:
0x02F6	0x0008      	RETURN
; end of _process_uart_data
_calib_touch_threshold:
;lasthope.c,32 :: 		void calib_touch_threshold() {
;lasthope.c,34 :: 		calibrating = 1;  // B?o v? trong quá trình calibration
0x02F7	0x3001      	MOVLW      1
0x02F8	0x1683      	BSF        STATUS, 5
0x02F9	0x1303      	BCF        STATUS, 6
0x02FA	0x00EB      	MOVWF      _calibrating
;lasthope.c,35 :: 		total = 0;        // Reset total tru?c khi calibration
0x02FB	0x01E5      	CLRF       _total
0x02FC	0x01E6      	CLRF       _total+1
0x02FD	0x01E7      	CLRF       _total+2
0x02FE	0x01E8      	CLRF       _total+3
;lasthope.c,36 :: 		UART1_Write_Text("Calib start\r\n");
0x02FF	0x3010      	MOVLW      ?lstr1_lasthope
0x0300	0x1283      	BCF        STATUS, 5
0x0301	0x1703      	BSF        STATUS, 6
0x0302	0x00C7      	MOVWF      FARG_UART1_Write_Text_uart_text
0x0303	0x2079      	CALL       _UART1_Write_Text
;lasthope.c,37 :: 		for(i = 0; i < NUM_CALIB_SAMPLE; i++) {
0x0304	0x01C3      	CLRF       calib_touch_threshold_i_L0
L_calib_touch_threshold0:
0x0305	0x3032      	MOVLW      50
0x0306	0x0243      	SUBWF      calib_touch_threshold_i_L0, 0
0x0307	0x1803      	BTFSC      STATUS, 0
0x0308	0x2B60      	GOTO       L_calib_touch_threshold1
;lasthope.c,38 :: 		C1CH1_BIT=0;C1CH0_BIT=1;    C2CH1_BIT=0; C2CH0_BIT=1;
0x0309	0x1087      	BCF        C1CH1_bit, BitPos(C1CH1_bit+0)
0x030A	0x1407      	BSF        C1CH0_bit, BitPos(C1CH0_bit+0)
0x030B	0x1088      	BCF        C2CH1_bit, BitPos(C2CH1_bit+0)
0x030C	0x1408      	BSF        C2CH0_bit, BitPos(C2CH0_bit+0)
;lasthope.c,39 :: 		Tmr1L=0;
0x030D	0x1303      	BCF        STATUS, 6
0x030E	0x018E      	CLRF       TMR1L
;lasthope.c,40 :: 		Tmr1H=0;
0x030F	0x018F      	CLRF       TMR1H
;lasthope.c,41 :: 		delay_ms(DELAY_TIME_MS);
0x0310	0x3002      	MOVLW      2
0x0311	0x00FB      	MOVWF      R11
0x0312	0x3045      	MOVLW      69
0x0313	0x00FC      	MOVWF      R12
0x0314	0x30A9      	MOVLW      169
0x0315	0x00FD      	MOVWF      R13
L_calib_touch_threshold3:
0x0316	0x0BFD      	DECFSZ     R13, 1
0x0317	0x2B16      	GOTO       L_calib_touch_threshold3
0x0318	0x0BFC      	DECFSZ     R12, 1
0x0319	0x2B16      	GOTO       L_calib_touch_threshold3
0x031A	0x0BFB      	DECFSZ     R11, 1
0x031B	0x2B16      	GOTO       L_calib_touch_threshold3
0x031C	0x0000      	NOP
0x031D	0x0000      	NOP
;lasthope.c,42 :: 		sample=Tmr1L+tmr1H*255;
0x031E	0x080F      	MOVF       TMR1H, 0
0x031F	0x00F0      	MOVWF      R0
0x0320	0x30FF      	MOVLW      255
0x0321	0x00F4      	MOVWF      R4
0x0322	0x2097      	CALL       _Mul_8X8_U
0x0323	0x0870      	MOVF       R0, 0
0x0324	0x070E      	ADDWF      TMR1L, 0
0x0325	0x00F4      	MOVWF      R4
0x0326	0x3000      	MOVLW      0
0x0327	0x1803      	BTFSC      STATUS, 0
0x0328	0x3E01      	ADDLW      1
0x0329	0x0771      	ADDWF      R0+1, 0
0x032A	0x00F5      	MOVWF      R4+1
0x032B	0x0874      	MOVF       R4, 0
0x032C	0x1683      	BSF        STATUS, 5
0x032D	0x00EE      	MOVWF      _sample
0x032E	0x0875      	MOVF       R4+1, 0
0x032F	0x00EF      	MOVWF      _sample+1
;lasthope.c,43 :: 		total += sample;
0x0330	0x0874      	MOVF       R4, 0
0x0331	0x00F0      	MOVWF      R0
0x0332	0x0875      	MOVF       R4+1, 0
0x0333	0x00F1      	MOVWF      R0+1
0x0334	0x01F2      	CLRF       R0+2
0x0335	0x01F3      	CLRF       R0+3
0x0336	0x0865      	MOVF       _total, 0
0x0337	0x07F0      	ADDWF      R0, 1
0x0338	0x0866      	MOVF       _total+1, 0
0x0339	0x1803      	BTFSC      STATUS, 0
0x033A	0x0F66      	INCFSZ     _total+1, 0
0x033B	0x07F1      	ADDWF      R0+1, 1
0x033C	0x0867      	MOVF       _total+2, 0
0x033D	0x1803      	BTFSC      STATUS, 0
0x033E	0x0F67      	INCFSZ     _total+2, 0
0x033F	0x07F2      	ADDWF      R0+2, 1
0x0340	0x0868      	MOVF       _total+3, 0
0x0341	0x1803      	BTFSC      STATUS, 0
0x0342	0x0F68      	INCFSZ     _total+3, 0
0x0343	0x07F3      	ADDWF      R0+3, 1
0x0344	0x0870      	MOVF       R0, 0
0x0345	0x00E5      	MOVWF      _total
0x0346	0x0871      	MOVF       R0+1, 0
0x0347	0x00E6      	MOVWF      _total+1
0x0348	0x0872      	MOVF       R0+2, 0
0x0349	0x00E7      	MOVWF      _total+2
0x034A	0x0873      	MOVF       R0+3, 0
0x034B	0x00E8      	MOVWF      _total+3
;lasthope.c,44 :: 		WordToStr(sample, txt_calib);
0x034C	0x0874      	MOVF       R4, 0
0x034D	0x1283      	BCF        STATUS, 5
0x034E	0x1703      	BSF        STATUS, 6
0x034F	0x00C7      	MOVWF      FARG_WordToStr_input
0x0350	0x0875      	MOVF       R4+1, 0
0x0351	0x00C8      	MOVWF      FARG_WordToStr_input+1
0x0352	0x301E      	MOVLW      _txt_calib
0x0353	0x00C9      	MOVWF      FARG_WordToStr_output
0x0354	0x202C      	CALL       _WordToStr
;lasthope.c,45 :: 		UART1_Write_Text("Sample: ");
0x0355	0x3063      	MOVLW      ?lstr2_lasthope
0x0356	0x00C7      	MOVWF      FARG_UART1_Write_Text_uart_text
0x0357	0x2079      	CALL       _UART1_Write_Text
;lasthope.c,46 :: 		UART1_Write_Text(txt_calib);
0x0358	0x301E      	MOVLW      _txt_calib
0x0359	0x00C7      	MOVWF      FARG_UART1_Write_Text_uart_text
0x035A	0x2079      	CALL       _UART1_Write_Text
;lasthope.c,47 :: 		UART1_Write_Text("\r\n");
0x035B	0x3060      	MOVLW      ?lstr3_lasthope
0x035C	0x00C7      	MOVWF      FARG_UART1_Write_Text_uart_text
0x035D	0x2079      	CALL       _UART1_Write_Text
;lasthope.c,37 :: 		for(i = 0; i < NUM_CALIB_SAMPLE; i++) {
0x035E	0x0AC3      	INCF       calib_touch_threshold_i_L0, 1
;lasthope.c,48 :: 		}
0x035F	0x2B05      	GOTO       L_calib_touch_threshold0
L_calib_touch_threshold1:
;lasthope.c,50 :: 		WordToStr(total, txt_calib);
0x0360	0x1683      	BSF        STATUS, 5
0x0361	0x1303      	BCF        STATUS, 6
0x0362	0x0865      	MOVF       _total, 0
0x0363	0x1283      	BCF        STATUS, 5
0x0364	0x1703      	BSF        STATUS, 6
0x0365	0x00C7      	MOVWF      FARG_WordToStr_input
0x0366	0x1683      	BSF        STATUS, 5
0x0367	0x1303      	BCF        STATUS, 6
0x0368	0x0866      	MOVF       _total+1, 0
0x0369	0x1283      	BCF        STATUS, 5
0x036A	0x1703      	BSF        STATUS, 6
0x036B	0x00C8      	MOVWF      FARG_WordToStr_input+1
0x036C	0x301E      	MOVLW      _txt_calib
0x036D	0x00C9      	MOVWF      FARG_WordToStr_output
0x036E	0x202C      	CALL       _WordToStr
;lasthope.c,51 :: 		UART1_Write_Text("Total samples: ");
0x036F	0x3050      	MOVLW      ?lstr4_lasthope
0x0370	0x00C7      	MOVWF      FARG_UART1_Write_Text_uart_text
0x0371	0x2079      	CALL       _UART1_Write_Text
;lasthope.c,52 :: 		UART1_Write_Text(txt_calib);
0x0372	0x301E      	MOVLW      _txt_calib
0x0373	0x00C7      	MOVWF      FARG_UART1_Write_Text_uart_text
0x0374	0x2079      	CALL       _UART1_Write_Text
;lasthope.c,53 :: 		UART1_Write_Text("\r\n");
0x0375	0x304D      	MOVLW      ?lstr5_lasthope
0x0376	0x00C7      	MOVWF      FARG_UART1_Write_Text_uart_text
0x0377	0x2079      	CALL       _UART1_Write_Text
;lasthope.c,56 :: 		avg = (unsigned int)(total / NUM_CALIB_SAMPLE);
0x0378	0x3032      	MOVLW      50
0x0379	0x00F4      	MOVWF      R4
0x037A	0x01F5      	CLRF       R4+1
0x037B	0x01F6      	CLRF       R4+2
0x037C	0x01F7      	CLRF       R4+3
0x037D	0x1683      	BSF        STATUS, 5
0x037E	0x1303      	BCF        STATUS, 6
0x037F	0x0865      	MOVF       _total, 0
0x0380	0x00F0      	MOVWF      R0
0x0381	0x0866      	MOVF       _total+1, 0
0x0382	0x00F1      	MOVWF      R0+1
0x0383	0x0867      	MOVF       _total+2, 0
0x0384	0x00F2      	MOVWF      R0+2
0x0385	0x0868      	MOVF       _total+3, 0
0x0386	0x00F3      	MOVWF      R0+3
0x0387	0x20E2      	CALL       _Div_32x32_U
0x0388	0x0870      	MOVF       R0, 0
0x0389	0x1683      	BSF        STATUS, 5
0x038A	0x00EC      	MOVWF      _avg
0x038B	0x0871      	MOVF       R0+1, 0
0x038C	0x00ED      	MOVWF      _avg+1
;lasthope.c,59 :: 		WordToStr(avg, txt_calib);
0x038D	0x0870      	MOVF       R0, 0
0x038E	0x1283      	BCF        STATUS, 5
0x038F	0x1703      	BSF        STATUS, 6
0x0390	0x00C7      	MOVWF      FARG_WordToStr_input
0x0391	0x0871      	MOVF       R0+1, 0
0x0392	0x00C8      	MOVWF      FARG_WordToStr_input+1
0x0393	0x301E      	MOVLW      _txt_calib
0x0394	0x00C9      	MOVWF      FARG_WordToStr_output
0x0395	0x202C      	CALL       _WordToStr
;lasthope.c,60 :: 		UART1_Write_Text("Avg calculated: ");
0x0396	0x3024      	MOVLW      ?lstr6_lasthope
0x0397	0x00C7      	MOVWF      FARG_UART1_Write_Text_uart_text
0x0398	0x2079      	CALL       _UART1_Write_Text
;lasthope.c,61 :: 		UART1_Write_Text(txt_calib);
0x0399	0x301E      	MOVLW      _txt_calib
0x039A	0x00C7      	MOVWF      FARG_UART1_Write_Text_uart_text
0x039B	0x2079      	CALL       _UART1_Write_Text
;lasthope.c,62 :: 		UART1_Write_Text("\r\n");
0x039C	0x3021      	MOVLW      ?lstr7_lasthope
0x039D	0x00C7      	MOVWF      FARG_UART1_Write_Text_uart_text
0x039E	0x2079      	CALL       _UART1_Write_Text
;lasthope.c,66 :: 		NGUONG_CHAM = avg - delta;
0x039F	0x1303      	BCF        STATUS, 6
0x03A0	0x0835      	MOVF       _delta, 0
0x03A1	0x1683      	BSF        STATUS, 5
0x03A2	0x026C      	SUBWF      _avg, 0
0x03A3	0x00F0      	MOVWF      R0
0x03A4	0x1283      	BCF        STATUS, 5
0x03A5	0x0836      	MOVF       _delta+1, 0
0x03A6	0x1C03      	BTFSS      STATUS, 0
0x03A7	0x3E01      	ADDLW      1
0x03A8	0x1683      	BSF        STATUS, 5
0x03A9	0x026D      	SUBWF      _avg+1, 0
0x03AA	0x00F1      	MOVWF      R0+1
0x03AB	0x0870      	MOVF       R0, 0
0x03AC	0x00E9      	MOVWF      _NGUONG_CHAM
0x03AD	0x0871      	MOVF       R0+1, 0
0x03AE	0x00EA      	MOVWF      _NGUONG_CHAM+1
;lasthope.c,68 :: 		WordToStr(NGUONG_CHAM, txt_calib);
0x03AF	0x0870      	MOVF       R0, 0
0x03B0	0x1283      	BCF        STATUS, 5
0x03B1	0x1703      	BSF        STATUS, 6
0x03B2	0x00C7      	MOVWF      FARG_WordToStr_input
0x03B3	0x0871      	MOVF       R0+1, 0
0x03B4	0x00C8      	MOVWF      FARG_WordToStr_input+1
0x03B5	0x301E      	MOVLW      _txt_calib
0x03B6	0x00C9      	MOVWF      FARG_WordToStr_output
0x03B7	0x202C      	CALL       _WordToStr
;lasthope.c,69 :: 		UART1_Write_Text("Final threshold: ");
0x03B8	0x303B      	MOVLW      ?lstr8_lasthope
0x03B9	0x00C7      	MOVWF      FARG_UART1_Write_Text_uart_text
0x03BA	0x2079      	CALL       _UART1_Write_Text
;lasthope.c,70 :: 		UART1_Write_Text(txt_calib);
0x03BB	0x301E      	MOVLW      _txt_calib
0x03BC	0x00C7      	MOVWF      FARG_UART1_Write_Text_uart_text
0x03BD	0x2079      	CALL       _UART1_Write_Text
;lasthope.c,71 :: 		UART1_Write_Text("\r\n");
0x03BE	0x3038      	MOVLW      ?lstr9_lasthope
0x03BF	0x00C7      	MOVWF      FARG_UART1_Write_Text_uart_text
0x03C0	0x2079      	CALL       _UART1_Write_Text
;lasthope.c,72 :: 		calibrating = 0;  // K?t thúc calibration
0x03C1	0x1683      	BSF        STATUS, 5
0x03C2	0x1303      	BCF        STATUS, 6
0x03C3	0x01EB      	CLRF       _calibrating
;lasthope.c,73 :: 		calib_done = 1;   // Ðánh d?u dã calibration - b?o v? ngu?ng
0x03C4	0x3001      	MOVLW      1
0x03C5	0x1283      	BCF        STATUS, 5
0x03C6	0x00B7      	MOVWF      _calib_done
;lasthope.c,74 :: 		}
L_end_calib_touch_threshold:
0x03C7	0x0008      	RETURN
; end of _calib_touch_threshold
___CC2DW:
;__Lib_System.c,134 :: 		
;__Lib_System.c,137 :: 		
_CC2D_Loop1:
;__Lib_System.c,139 :: 		
0x03C8	0x2090      	CALL       _____DoICP
0x03C9	0x118A      	BCF        PCLATH, 3
0x03CA	0x120A      	BCF        PCLATH, 4
;__Lib_System.c,141 :: 		
0x03CB	0x0080      	MOVWF      INDF
;__Lib_System.c,142 :: 		
0x03CC	0x0A84      	INCF       FSR, 1
;__Lib_System.c,143 :: 		
0x03CD	0x0AB4      	INCF       ___DoICPAddr, 1
;__Lib_System.c,145 :: 		
0x03CE	0x1903      	BTFSC      STATUS, 2
;__Lib_System.c,146 :: 		
0x03CF	0x0AB5      	INCF       ___DoICPAddr+1, 1
;__Lib_System.c,147 :: 		
0x03D0	0x03F0      	DECF       R0, 1
;__Lib_System.c,149 :: 		
0x03D1	0x1D03      	BTFSS      STATUS, 2
;__Lib_System.c,150 :: 		
0x03D2	0x2BC8      	GOTO       _CC2D_Loop1
;__Lib_System.c,152 :: 		
L_end___CC2DW:
0x03D3	0x0008      	RETURN
; end of ___CC2DW
_UART1_Init:
;__Lib_UART_c67.c,2 :: 		
;__Lib_UART_c67.c,5 :: 		
0x03D4	0x1683      	BSF        STATUS, 5
0x03D5	0x1303      	BCF        STATUS, 6
0x03D6	0x1698      	BSF        TXSTA, 5
;__Lib_UART_c67.c,6 :: 		
0x03D7	0x3090      	MOVLW      144
0x03D8	0x1283      	BCF        STATUS, 5
0x03D9	0x0098      	MOVWF      RCSTA
;__Lib_UART_c67.c,7 :: 		
0x03DA	0x1683      	BSF        STATUS, 5
0x03DB	0x1787      	BSF        TRISC7_bit, BitPos(TRISC7_bit+0)
;__Lib_UART_c67.c,8 :: 		
0x03DC	0x1307      	BCF        TRISC6_bit, BitPos(TRISC6_bit+0)
;__Lib_UART_c67.c,10 :: 		
L_UART1_Init0:
0x03DD	0x1283      	BCF        STATUS, 5
0x03DE	0x1E8C      	BTFSS      PIR1, 5
0x03DF	0x2BE3      	GOTO       L_UART1_Init1
;__Lib_UART_c67.c,11 :: 		
0x03E0	0x081A      	MOVF       RCREG, 0
0x03E1	0x00F0      	MOVWF      R0
0x03E2	0x2BDD      	GOTO       L_UART1_Init0
L_UART1_Init1:
;__Lib_UART_c67.c,12 :: 		
L_end_UART1_Init:
0x03E3	0x0008      	RETURN
; end of _UART1_Init
_main:
0x03E4	0x25CA      	CALL       1482
;lasthope.c,130 :: 		void main()
;lasthope.c,132 :: 		trisd=0;
0x03E5	0x1683      	BSF        STATUS, 5
0x03E6	0x1303      	BCF        STATUS, 6
0x03E7	0x0188      	CLRF       TRISD
;lasthope.c,133 :: 		portd=0;
0x03E8	0x1283      	BCF        STATUS, 5
0x03E9	0x0188      	CLRF       PORTD
;lasthope.c,134 :: 		TRISC.B0 = 1;
0x03EA	0x1683      	BSF        STATUS, 5
0x03EB	0x1407      	BSF        TRISC, 0
;lasthope.c,135 :: 		PORTC.B0 = 0;
0x03EC	0x1283      	BCF        STATUS, 5
0x03ED	0x1007      	BCF        PORTC, 0
;lasthope.c,136 :: 		TRISA=0B11011111;
0x03EE	0x30DF      	MOVLW      223
0x03EF	0x1683      	BSF        STATUS, 5
0x03F0	0x0085      	MOVWF      TRISA
;lasthope.c,138 :: 		ANSEL=0b11011111;
0x03F1	0x30DF      	MOVLW      223
0x03F2	0x1703      	BSF        STATUS, 6
0x03F3	0x0088      	MOVWF      ANSEL
;lasthope.c,142 :: 		CM1CON0=0B10010100; //BAT CAPARATOR,
0x03F4	0x3094      	MOVLW      148
0x03F5	0x1283      	BCF        STATUS, 5
0x03F6	0x0087      	MOVWF      CM1CON0
;lasthope.c,150 :: 		VRCON=0B10101111;   //BAT REF
0x03F7	0x30AF      	MOVLW      175
0x03F8	0x1683      	BSF        STATUS, 5
0x03F9	0x1303      	BCF        STATUS, 6
0x03FA	0x0097      	MOVWF      VRCON
;lasthope.c,156 :: 		SRCON=0B11110000;   //CHAN C2OUT GAN VAO CHAN Q BU
0x03FB	0x30F0      	MOVLW      240
0x03FC	0x1703      	BSF        STATUS, 6
0x03FD	0x0085      	MOVWF      SRCON
;lasthope.c,164 :: 		CM2CON0=0B10100000; //BAT CAPARATOR
0x03FE	0x30A0      	MOVLW      160
0x03FF	0x1283      	BCF        STATUS, 5
0x0400	0x0088      	MOVWF      CM2CON0
;lasthope.c,172 :: 		CM2CON1=0B00110010; //KHONG DAO
0x0401	0x3032      	MOVLW      50
0x0402	0x0089      	MOVWF      CM2CON1
;lasthope.c,179 :: 		T1CON=0B10100111;   //ENABLE CHO TIMER1
0x0403	0x30A7      	MOVLW      167
0x0404	0x1303      	BCF        STATUS, 6
0x0405	0x0090      	MOVWF      T1CON
;lasthope.c,187 :: 		delay_ms(500);
0x0406	0x300D      	MOVLW      13
0x0407	0x00FB      	MOVWF      R11
0x0408	0x30AF      	MOVLW      175
0x0409	0x00FC      	MOVWF      R12
0x040A	0x30B6      	MOVLW      182
0x040B	0x00FD      	MOVWF      R13
L_main20:
0x040C	0x0BFD      	DECFSZ     R13, 1
0x040D	0x2C0C      	GOTO       L_main20
0x040E	0x0BFC      	DECFSZ     R12, 1
0x040F	0x2C0C      	GOTO       L_main20
0x0410	0x0BFB      	DECFSZ     R11, 1
0x0411	0x2C0C      	GOTO       L_main20
0x0412	0x0000      	NOP
;lasthope.c,189 :: 		TRISB=0x00;
0x0413	0x1683      	BSF        STATUS, 5
0x0414	0x0186      	CLRF       TRISB
;lasthope.c,190 :: 		ANSELH=0x00;
0x0415	0x1703      	BSF        STATUS, 6
0x0416	0x0189      	CLRF       ANSELH
;lasthope.c,193 :: 		TRISC.B6 = 0;
0x0417	0x1303      	BCF        STATUS, 6
0x0418	0x1307      	BCF        TRISC, 6
;lasthope.c,195 :: 		TRISC.B7 = 1;
0x0419	0x1787      	BSF        TRISC, 7
;lasthope.c,197 :: 		UART1_Init(9600);
0x041A	0x3081      	MOVLW      129
0x041B	0x0099      	MOVWF      SPBRG
0x041C	0x1518      	BSF        TXSTA, 2
0x041D	0x23D4      	CALL       _UART1_Init
;lasthope.c,199 :: 		UART1_Write_Text("From Pic With Luv");
0x041E	0x30A0      	MOVLW      ?lstr10_lasthope
0x041F	0x1703      	BSF        STATUS, 6
0x0420	0x00C7      	MOVWF      FARG_UART1_Write_Text_uart_text
0x0421	0x2079      	CALL       _UART1_Write_Text
;lasthope.c,200 :: 		delay_ms(2000);
0x0422	0x3033      	MOVLW      51
0x0423	0x00FB      	MOVWF      R11
0x0424	0x30BB      	MOVLW      187
0x0425	0x00FC      	MOVWF      R12
0x0426	0x30DF      	MOVLW      223
0x0427	0x00FD      	MOVWF      R13
L_main21:
0x0428	0x0BFD      	DECFSZ     R13, 1
0x0429	0x2C28      	GOTO       L_main21
0x042A	0x0BFC      	DECFSZ     R12, 1
0x042B	0x2C28      	GOTO       L_main21
0x042C	0x0BFB      	DECFSZ     R11, 1
0x042D	0x2C28      	GOTO       L_main21
0x042E	0x0000      	NOP
0x042F	0x0000      	NOP
;lasthope.c,201 :: 		calib_touch_threshold();
0x0430	0x22F7      	CALL       _calib_touch_threshold
;lasthope.c,202 :: 		delay_ms(2000);
0x0431	0x3033      	MOVLW      51
0x0432	0x00FB      	MOVWF      R11
0x0433	0x30BB      	MOVLW      187
0x0434	0x00FC      	MOVWF      R12
0x0435	0x30DF      	MOVLW      223
0x0436	0x00FD      	MOVWF      R13
L_main22:
0x0437	0x0BFD      	DECFSZ     R13, 1
0x0438	0x2C37      	GOTO       L_main22
0x0439	0x0BFC      	DECFSZ     R12, 1
0x043A	0x2C37      	GOTO       L_main22
0x043B	0x0BFB      	DECFSZ     R11, 1
0x043C	0x2C37      	GOTO       L_main22
0x043D	0x0000      	NOP
0x043E	0x0000      	NOP
;lasthope.c,203 :: 		while(1)
L_main23:
;lasthope.c,206 :: 		send_cycle++;
0x043F	0x1683      	BSF        STATUS, 5
0x0440	0x0AD5      	INCF       _send_cycle, 1
;lasthope.c,207 :: 		if (send_cycle > 5) send_cycle = 0;
0x0441	0x0855      	MOVF       _send_cycle, 0
0x0442	0x3C05      	SUBLW      5
0x0443	0x1803      	BTFSC      STATUS, 0
0x0444	0x2C46      	GOTO       L_main25
0x0445	0x01D5      	CLRF       _send_cycle
L_main25:
;lasthope.c,210 :: 		if (send_cycle >= 4) {
0x0446	0x3004      	MOVLW      4
0x0447	0x0255      	SUBWF      _send_cycle, 0
0x0448	0x1C03      	BTFSS      STATUS, 0
0x0449	0x2C5A      	GOTO       L_main26
;lasthope.c,212 :: 		process_uart_data();
0x044A	0x225A      	CALL       _process_uart_data
;lasthope.c,213 :: 		delay_ms(DELAY_TIME_MS); // Ch? d? nh?n d? li?u
0x044B	0x3002      	MOVLW      2
0x044C	0x00FB      	MOVWF      R11
0x044D	0x3045      	MOVLW      69
0x044E	0x00FC      	MOVWF      R12
0x044F	0x30A9      	MOVLW      169
0x0450	0x00FD      	MOVWF      R13
L_main27:
0x0451	0x0BFD      	DECFSZ     R13, 1
0x0452	0x2C51      	GOTO       L_main27
0x0453	0x0BFC      	DECFSZ     R12, 1
0x0454	0x2C51      	GOTO       L_main27
0x0455	0x0BFB      	DECFSZ     R11, 1
0x0456	0x2C51      	GOTO       L_main27
0x0457	0x0000      	NOP
0x0458	0x0000      	NOP
;lasthope.c,214 :: 		}
0x0459	0x2D19      	GOTO       L_main28
L_main26:
;lasthope.c,219 :: 		C1CH1_BIT=0; C1CH0_BIT=1; C2CH1_BIT=0; C2CH0_BIT=1; // Kênh 0
0x045A	0x1283      	BCF        STATUS, 5
0x045B	0x1703      	BSF        STATUS, 6
0x045C	0x1087      	BCF        C1CH1_bit, BitPos(C1CH1_bit+0)
0x045D	0x1407      	BSF        C1CH0_bit, BitPos(C1CH0_bit+0)
0x045E	0x1088      	BCF        C2CH1_bit, BitPos(C2CH1_bit+0)
0x045F	0x1408      	BSF        C2CH0_bit, BitPos(C2CH0_bit+0)
;lasthope.c,220 :: 		Tmr1L = 0;
0x0460	0x1303      	BCF        STATUS, 6
0x0461	0x018E      	CLRF       TMR1L
;lasthope.c,221 :: 		Tmr1H = 0;
0x0462	0x018F      	CLRF       TMR1H
;lasthope.c,222 :: 		delay_ms(DELAY_TIME_MS);
0x0463	0x3002      	MOVLW      2
0x0464	0x00FB      	MOVWF      R11
0x0465	0x3045      	MOVLW      69
0x0466	0x00FC      	MOVWF      R12
0x0467	0x30A9      	MOVLW      169
0x0468	0x00FD      	MOVWF      R13
L_main29:
0x0469	0x0BFD      	DECFSZ     R13, 1
0x046A	0x2C69      	GOTO       L_main29
0x046B	0x0BFC      	DECFSZ     R12, 1
0x046C	0x2C69      	GOTO       L_main29
0x046D	0x0BFB      	DECFSZ     R11, 1
0x046E	0x2C69      	GOTO       L_main29
0x046F	0x0000      	NOP
0x0470	0x0000      	NOP
;lasthope.c,223 :: 		touch_value = Tmr1L + Tmr1H * 255;
0x0471	0x080F      	MOVF       TMR1H, 0
0x0472	0x00F0      	MOVWF      R0
0x0473	0x30FF      	MOVLW      255
0x0474	0x00F4      	MOVWF      R4
0x0475	0x2097      	CALL       _Mul_8X8_U
0x0476	0x0870      	MOVF       R0, 0
0x0477	0x070E      	ADDWF      TMR1L, 0
0x0478	0x1703      	BSF        STATUS, 6
0x0479	0x00AA      	MOVWF      _touch_value
0x047A	0x3000      	MOVLW      0
0x047B	0x1803      	BTFSC      STATUS, 0
0x047C	0x3E01      	ADDLW      1
0x047D	0x0771      	ADDWF      R0+1, 0
0x047E	0x00AB      	MOVWF      _touch_value+1
;lasthope.c,226 :: 		if (send_cycle <= 2) {
0x047F	0x1683      	BSF        STATUS, 5
0x0480	0x1303      	BCF        STATUS, 6
0x0481	0x0855      	MOVF       _send_cycle, 0
0x0482	0x3C02      	SUBLW      2
0x0483	0x1C03      	BTFSS      STATUS, 0
0x0484	0x2CBB      	GOTO       L_main30
;lasthope.c,228 :: 		UART1_Write_Text("RawTouch:");
0x0485	0x30CB      	MOVLW      ?lstr11_lasthope
0x0486	0x1283      	BCF        STATUS, 5
0x0487	0x1703      	BSF        STATUS, 6
0x0488	0x00C7      	MOVWF      FARG_UART1_Write_Text_uart_text
0x0489	0x2079      	CALL       _UART1_Write_Text
;lasthope.c,229 :: 		WordToStr(raw_touch, txt);
0x048A	0x082C      	MOVF       _raw_touch, 0
0x048B	0x00C7      	MOVWF      FARG_WordToStr_input
0x048C	0x01C8      	CLRF       FARG_WordToStr_input+1
0x048D	0x302D      	MOVLW      _txt
0x048E	0x00C9      	MOVWF      FARG_WordToStr_output
0x048F	0x202C      	CALL       _WordToStr
;lasthope.c,230 :: 		UART1_Write_Text(txt);
0x0490	0x302D      	MOVLW      _txt
0x0491	0x00C7      	MOVWF      FARG_UART1_Write_Text_uart_text
0x0492	0x2079      	CALL       _UART1_Write_Text
;lasthope.c,231 :: 		UART1_Write_Text("\n");
0x0493	0x30E1      	MOVLW      ?lstr12_lasthope
0x0494	0x00C7      	MOVWF      FARG_UART1_Write_Text_uart_text
0x0495	0x2079      	CALL       _UART1_Write_Text
;lasthope.c,233 :: 		UART1_Write_Text("Threshold:");
0x0496	0x30D6      	MOVLW      ?lstr13_lasthope
0x0497	0x00C7      	MOVWF      FARG_UART1_Write_Text_uart_text
0x0498	0x2079      	CALL       _UART1_Write_Text
;lasthope.c,234 :: 		WordToStr(NGUONG_CHAM, txt);
0x0499	0x1683      	BSF        STATUS, 5
0x049A	0x1303      	BCF        STATUS, 6
0x049B	0x0869      	MOVF       _NGUONG_CHAM, 0
0x049C	0x1283      	BCF        STATUS, 5
0x049D	0x1703      	BSF        STATUS, 6
0x049E	0x00C7      	MOVWF      FARG_WordToStr_input
0x049F	0x1683      	BSF        STATUS, 5
0x04A0	0x1303      	BCF        STATUS, 6
0x04A1	0x086A      	MOVF       _NGUONG_CHAM+1, 0
0x04A2	0x1283      	BCF        STATUS, 5
0x04A3	0x1703      	BSF        STATUS, 6
0x04A4	0x00C8      	MOVWF      FARG_WordToStr_input+1
0x04A5	0x302D      	MOVLW      _txt
0x04A6	0x00C9      	MOVWF      FARG_WordToStr_output
0x04A7	0x202C      	CALL       _WordToStr
;lasthope.c,235 :: 		UART1_Write_Text(txt);
0x04A8	0x302D      	MOVLW      _txt
0x04A9	0x00C7      	MOVWF      FARG_UART1_Write_Text_uart_text
0x04AA	0x2079      	CALL       _UART1_Write_Text
;lasthope.c,236 :: 		UART1_Write_Text("\n");
0x04AB	0x30C9      	MOVLW      ?lstr14_lasthope
0x04AC	0x00C7      	MOVWF      FARG_UART1_Write_Text_uart_text
0x04AD	0x2079      	CALL       _UART1_Write_Text
;lasthope.c,238 :: 		WordToStr(touch_value, txt);
0x04AE	0x082A      	MOVF       _touch_value, 0
0x04AF	0x00C7      	MOVWF      FARG_WordToStr_input
0x04B0	0x082B      	MOVF       _touch_value+1, 0
0x04B1	0x00C8      	MOVWF      FARG_WordToStr_input+1
0x04B2	0x302D      	MOVLW      _txt
0x04B3	0x00C9      	MOVWF      FARG_WordToStr_output
0x04B4	0x202C      	CALL       _WordToStr
;lasthope.c,239 :: 		UART1_Write_Text(txt);
0x04B5	0x302D      	MOVLW      _txt
0x04B6	0x00C7      	MOVWF      FARG_UART1_Write_Text_uart_text
0x04B7	0x2079      	CALL       _UART1_Write_Text
;lasthope.c,240 :: 		UART1_Write_Text("\n");
0x04B8	0x30B2      	MOVLW      ?lstr15_lasthope
0x04B9	0x00C7      	MOVWF      FARG_UART1_Write_Text_uart_text
0x04BA	0x2079      	CALL       _UART1_Write_Text
;lasthope.c,241 :: 		}
L_main30:
;lasthope.c,244 :: 		raw_touch = (touch_value < NGUONG_CHAM) ? 1 : 0;
0x04BB	0x1683      	BSF        STATUS, 5
0x04BC	0x1303      	BCF        STATUS, 6
0x04BD	0x086A      	MOVF       _NGUONG_CHAM+1, 0
0x04BE	0x1283      	BCF        STATUS, 5
0x04BF	0x1703      	BSF        STATUS, 6
0x04C0	0x022B      	SUBWF      _touch_value+1, 0
0x04C1	0x1D03      	BTFSS      STATUS, 2
0x04C2	0x2CC9      	GOTO       L__main53
0x04C3	0x1683      	BSF        STATUS, 5
0x04C4	0x1303      	BCF        STATUS, 6
0x04C5	0x0869      	MOVF       _NGUONG_CHAM, 0
0x04C6	0x1283      	BCF        STATUS, 5
0x04C7	0x1703      	BSF        STATUS, 6
0x04C8	0x022A      	SUBWF      _touch_value, 0
L__main53:
0x04C9	0x1803      	BTFSC      STATUS, 0
0x04CA	0x2CCE      	GOTO       L_main31
0x04CB	0x3001      	MOVLW      1
0x04CC	0x00C2      	MOVWF      ?FLOC___mainT95
0x04CD	0x2CCF      	GOTO       L_main32
L_main31:
0x04CE	0x01C2      	CLRF       ?FLOC___mainT95
L_main32:
0x04CF	0x0842      	MOVF       ?FLOC___mainT95, 0
0x04D0	0x00AC      	MOVWF      _raw_touch
;lasthope.c,246 :: 		if(raw_touch != last_raw_touch) {
0x04D1	0x0842      	MOVF       ?FLOC___mainT95, 0
0x04D2	0x1303      	BCF        STATUS, 6
0x04D3	0x066E      	XORWF      _last_raw_touch, 0
0x04D4	0x1903      	BTFSC      STATUS, 2
0x04D5	0x2CDD      	GOTO       L_main33
;lasthope.c,247 :: 		debounce_timer = 0;
0x04D6	0x01EC      	CLRF       _debounce_timer
0x04D7	0x01ED      	CLRF       _debounce_timer+1
;lasthope.c,248 :: 		last_raw_touch = raw_touch;
0x04D8	0x1703      	BSF        STATUS, 6
0x04D9	0x082C      	MOVF       _raw_touch, 0
0x04DA	0x1303      	BCF        STATUS, 6
0x04DB	0x00EE      	MOVWF      _last_raw_touch
;lasthope.c,249 :: 		} else {
0x04DC	0x2CF4      	GOTO       L_main34
L_main33:
;lasthope.c,250 :: 		debounce_timer += DELAY_TIME_MS;
0x04DD	0x3032      	MOVLW      50
0x04DE	0x076C      	ADDWF      _debounce_timer, 0
0x04DF	0x00F1      	MOVWF      R1
0x04E0	0x086D      	MOVF       _debounce_timer+1, 0
0x04E1	0x1803      	BTFSC      STATUS, 0
0x04E2	0x3E01      	ADDLW      1
0x04E3	0x00F2      	MOVWF      R1+1
0x04E4	0x0871      	MOVF       R1, 0
0x04E5	0x00EC      	MOVWF      _debounce_timer
0x04E6	0x0872      	MOVF       R1+1, 0
0x04E7	0x00ED      	MOVWF      _debounce_timer+1
;lasthope.c,251 :: 		if(debounce_timer >= DEBOUNCE_MS) {
0x04E8	0x3000      	MOVLW      0
0x04E9	0x0272      	SUBWF      R1+1, 0
0x04EA	0x1D03      	BTFSS      STATUS, 2
0x04EB	0x2CEE      	GOTO       L__main54
0x04EC	0x3032      	MOVLW      50
0x04ED	0x0271      	SUBWF      R1, 0
L__main54:
0x04EE	0x1C03      	BTFSS      STATUS, 0
0x04EF	0x2CF4      	GOTO       L_main35
;lasthope.c,252 :: 		stable_touch = raw_touch;
0x04F0	0x1703      	BSF        STATUS, 6
0x04F1	0x082C      	MOVF       _raw_touch, 0
0x04F2	0x1303      	BCF        STATUS, 6
0x04F3	0x00EF      	MOVWF      _stable_touch
;lasthope.c,253 :: 		}
L_main35:
;lasthope.c,254 :: 		}
L_main34:
;lasthope.c,257 :: 		if (send_cycle <= 2) {
0x04F4	0x1683      	BSF        STATUS, 5
0x04F5	0x0855      	MOVF       _send_cycle, 0
0x04F6	0x3C02      	SUBLW      2
0x04F7	0x1C03      	BTFSS      STATUS, 0
0x04F8	0x2D14      	GOTO       L_main36
;lasthope.c,258 :: 		if(stable_touch && !last_stable_touch) {
0x04F9	0x1283      	BCF        STATUS, 5
0x04FA	0x086F      	MOVF       _stable_touch, 0
0x04FB	0x1903      	BTFSC      STATUS, 2
0x04FC	0x2D06      	GOTO       L_main39
0x04FD	0x1683      	BSF        STATUS, 5
0x04FE	0x0848      	MOVF       _last_stable_touch, 0
0x04FF	0x1D03      	BTFSS      STATUS, 2
0x0500	0x2D06      	GOTO       L_main39
L__main47:
;lasthope.c,259 :: 		UART1_Write_Text("status\n1\n");
0x0501	0x30BE      	MOVLW      ?lstr16_lasthope
0x0502	0x1283      	BCF        STATUS, 5
0x0503	0x1703      	BSF        STATUS, 6
0x0504	0x00C7      	MOVWF      FARG_UART1_Write_Text_uart_text
0x0505	0x2079      	CALL       _UART1_Write_Text
;lasthope.c,260 :: 		}
L_main39:
0x0506	0x1283      	BCF        STATUS, 5
;lasthope.c,261 :: 		if(!stable_touch && last_stable_touch) {
0x0507	0x1303      	BCF        STATUS, 6
0x0508	0x086F      	MOVF       _stable_touch, 0
0x0509	0x1D03      	BTFSS      STATUS, 2
0x050A	0x2D14      	GOTO       L_main42
0x050B	0x1683      	BSF        STATUS, 5
0x050C	0x0848      	MOVF       _last_stable_touch, 0
0x050D	0x1903      	BTFSC      STATUS, 2
0x050E	0x2D14      	GOTO       L_main42
L__main46:
;lasthope.c,262 :: 		UART1_Write_Text("status\n0\n");
0x050F	0x30B4      	MOVLW      ?lstr17_lasthope
0x0510	0x1283      	BCF        STATUS, 5
0x0511	0x1703      	BSF        STATUS, 6
0x0512	0x00C7      	MOVWF      FARG_UART1_Write_Text_uart_text
0x0513	0x2079      	CALL       _UART1_Write_Text
;lasthope.c,263 :: 		}
L_main42:
;lasthope.c,264 :: 		}
L_main36:
0x0514	0x1283      	BCF        STATUS, 5
;lasthope.c,265 :: 		last_stable_touch = stable_touch;
0x0515	0x1303      	BCF        STATUS, 6
0x0516	0x086F      	MOVF       _stable_touch, 0
0x0517	0x1683      	BSF        STATUS, 5
0x0518	0x00C8      	MOVWF      _last_stable_touch
;lasthope.c,266 :: 		}
L_main28:
;lasthope.c,267 :: 		}    // while
0x0519	0x2C3F      	GOTO       L_main23
;lasthope.c,270 :: 		} // void
L_end_main:
0x051A	0x2D1A      	GOTO       $+0
; end of _main
0x05CA	0x3021      	MOVLW      33
0x05CB	0x0084      	MOVWF      FSR
0x05CC	0x304B      	MOVLW      75
0x05CD	0x1283      	BCF        STATUS, 5
0x05CE	0x1303      	BCF        STATUS, 6
0x05CF	0x00F0      	MOVWF      R0
0x05D0	0x3020      	MOVLW      32
0x05D1	0x1703      	BSF        STATUS, 6
0x05D2	0x00B4      	MOVWF      ___DoICPAddr
0x05D3	0x3005      	MOVLW      5
0x05D4	0x00B5      	MOVWF      309
0x05D5	0x23C8      	CALL       968
0x05D6	0x30A0      	MOVLW      160
0x05D7	0x0084      	MOVWF      FSR
0x05D8	0x3012      	MOVLW      18
0x05D9	0x00F0      	MOVWF      R0
0x05DA	0x30A3      	MOVLW      163
0x05DB	0x1703      	BSF        STATUS, 6
0x05DC	0x00B4      	MOVWF      ___DoICPAddr
0x05DD	0x3005      	MOVLW      5
0x05DE	0x00B5      	MOVWF      309
0x05DF	0x23C8      	CALL       968
0x05E0	0x306C      	MOVLW      108
0x05E1	0x0084      	MOVWF      FSR
0x05E2	0x3003      	MOVLW      3
0x05E3	0x00F0      	MOVWF      R0
0x05E4	0x30C3      	MOVLW      195
0x05E5	0x1703      	BSF        STATUS, 6
0x05E6	0x00B4      	MOVWF      ___DoICPAddr
0x05E7	0x3005      	MOVLW      5
0x05E8	0x00B5      	MOVWF      309
0x05E9	0x23C8      	CALL       968
0x05EA	0x30B2      	MOVLW      178
0x05EB	0x0084      	MOVWF      FSR
0x05EC	0x3002      	MOVLW      2
0x05ED	0x00F0      	MOVWF      R0
0x05EE	0x30C6      	MOVLW      198
0x05EF	0x1703      	BSF        STATUS, 6
0x05F0	0x00B4      	MOVWF      ___DoICPAddr
0x05F1	0x3005      	MOVLW      5
0x05F2	0x00B5      	MOVWF      309
0x05F3	0x23C8      	CALL       968
0x05F4	0x306F      	MOVLW      111
0x05F5	0x0084      	MOVWF      FSR
0x05F6	0x3001      	MOVLW      1
0x05F7	0x00F0      	MOVWF      R0
0x05F8	0x30C8      	MOVLW      200
0x05F9	0x1703      	BSF        STATUS, 6
0x05FA	0x00B4      	MOVWF      ___DoICPAddr
0x05FB	0x3005      	MOVLW      5
0x05FC	0x00B5      	MOVWF      309
0x05FD	0x23C8      	CALL       968
0x05FE	0x30B4      	MOVLW      180
0x05FF	0x0084      	MOVWF      FSR
0x0600	0x3038      	MOVLW      56
0x0601	0x00F0      	MOVWF      R0
0x0602	0x306B      	MOVLW      107
0x0603	0x1703      	BSF        STATUS, 6
0x0604	0x00B4      	MOVWF      ___DoICPAddr
0x0605	0x3005      	MOVLW      5
0x0606	0x00B5      	MOVWF      309
0x0607	0x23C8      	CALL       968
0x0608	0x3010      	MOVLW      272
0x0609	0x1783      	BSF        STATUS, 7
0x060A	0x0084      	MOVWF      FSR
0x060B	0x300E      	MOVLW      14
0x060C	0x00F0      	MOVWF      R0
0x060D	0x30B5      	MOVLW      181
0x060E	0x1703      	BSF        STATUS, 6
0x060F	0x00B4      	MOVWF      ___DoICPAddr
0x0610	0x3005      	MOVLW      5
0x0611	0x00B5      	MOVWF      309
0x0612	0x23C8      	CALL       968
0x0613	0x1383      	BCF        STATUS, 7
0x0614	0x0008      	RETURN
;lasthope.c,0 :: ?ICS?lstr7_lasthope
0x0520	0x340D ;?ICS?lstr7_lasthope+0
0x0521	0x340A ;?ICS?lstr7_lasthope+1
0x0522	0x3400 ;?ICS?lstr7_lasthope+2
; end of ?ICS?lstr7_lasthope
;lasthope.c,0 :: ?ICS?lstr6_lasthope
0x0523	0x3441 ;?ICS?lstr6_lasthope+0
0x0524	0x3476 ;?ICS?lstr6_lasthope+1
0x0525	0x3467 ;?ICS?lstr6_lasthope+2
0x0526	0x3420 ;?ICS?lstr6_lasthope+3
0x0527	0x3463 ;?ICS?lstr6_lasthope+4
0x0528	0x3461 ;?ICS?lstr6_lasthope+5
0x0529	0x346C ;?ICS?lstr6_lasthope+6
0x052A	0x3463 ;?ICS?lstr6_lasthope+7
0x052B	0x3475 ;?ICS?lstr6_lasthope+8
0x052C	0x346C ;?ICS?lstr6_lasthope+9
0x052D	0x3461 ;?ICS?lstr6_lasthope+10
0x052E	0x3474 ;?ICS?lstr6_lasthope+11
0x052F	0x3465 ;?ICS?lstr6_lasthope+12
0x0530	0x3464 ;?ICS?lstr6_lasthope+13
0x0531	0x343A ;?ICS?lstr6_lasthope+14
0x0532	0x3420 ;?ICS?lstr6_lasthope+15
0x0533	0x3400 ;?ICS?lstr6_lasthope+16
; end of ?ICS?lstr6_lasthope
;lasthope.c,0 :: ?ICS_delta
0x0534	0x3464 ;?ICS_delta+0
0x0535	0x3400 ;?ICS_delta+1
; end of ?ICS_delta
;lasthope.c,0 :: ?ICS_calib_done
0x0536	0x3400 ;?ICS_calib_done+0
; end of ?ICS_calib_done
;lasthope.c,0 :: ?ICS?lstr9_lasthope
0x0537	0x340D ;?ICS?lstr9_lasthope+0
0x0538	0x340A ;?ICS?lstr9_lasthope+1
0x0539	0x3400 ;?ICS?lstr9_lasthope+2
; end of ?ICS?lstr9_lasthope
;lasthope.c,0 :: ?ICS?lstr8_lasthope
0x053A	0x3446 ;?ICS?lstr8_lasthope+0
0x053B	0x3469 ;?ICS?lstr8_lasthope+1
0x053C	0x346E ;?ICS?lstr8_lasthope+2
0x053D	0x3461 ;?ICS?lstr8_lasthope+3
0x053E	0x346C ;?ICS?lstr8_lasthope+4
0x053F	0x3420 ;?ICS?lstr8_lasthope+5
0x0540	0x3474 ;?ICS?lstr8_lasthope+6
0x0541	0x3468 ;?ICS?lstr8_lasthope+7
0x0542	0x3472 ;?ICS?lstr8_lasthope+8
0x0543	0x3465 ;?ICS?lstr8_lasthope+9
0x0544	0x3473 ;?ICS?lstr8_lasthope+10
0x0545	0x3468 ;?ICS?lstr8_lasthope+11
0x0546	0x346F ;?ICS?lstr8_lasthope+12
0x0547	0x346C ;?ICS?lstr8_lasthope+13
0x0548	0x3464 ;?ICS?lstr8_lasthope+14
0x0549	0x343A ;?ICS?lstr8_lasthope+15
0x054A	0x3420 ;?ICS?lstr8_lasthope+16
0x054B	0x3400 ;?ICS?lstr8_lasthope+17
; end of ?ICS?lstr8_lasthope
;lasthope.c,0 :: ?ICS?lstr5_lasthope
0x054C	0x340D ;?ICS?lstr5_lasthope+0
0x054D	0x340A ;?ICS?lstr5_lasthope+1
0x054E	0x3400 ;?ICS?lstr5_lasthope+2
; end of ?ICS?lstr5_lasthope
;lasthope.c,0 :: ?ICS?lstr4_lasthope
0x054F	0x3454 ;?ICS?lstr4_lasthope+0
0x0550	0x346F ;?ICS?lstr4_lasthope+1
0x0551	0x3474 ;?ICS?lstr4_lasthope+2
0x0552	0x3461 ;?ICS?lstr4_lasthope+3
0x0553	0x346C ;?ICS?lstr4_lasthope+4
0x0554	0x3420 ;?ICS?lstr4_lasthope+5
0x0555	0x3473 ;?ICS?lstr4_lasthope+6
0x0556	0x3461 ;?ICS?lstr4_lasthope+7
0x0557	0x346D ;?ICS?lstr4_lasthope+8
0x0558	0x3470 ;?ICS?lstr4_lasthope+9
0x0559	0x346C ;?ICS?lstr4_lasthope+10
0x055A	0x3465 ;?ICS?lstr4_lasthope+11
0x055B	0x3473 ;?ICS?lstr4_lasthope+12
0x055C	0x343A ;?ICS?lstr4_lasthope+13
0x055D	0x3420 ;?ICS?lstr4_lasthope+14
0x055E	0x3400 ;?ICS?lstr4_lasthope+15
; end of ?ICS?lstr4_lasthope
;lasthope.c,0 :: ?ICS?lstr3_lasthope
0x055F	0x340D ;?ICS?lstr3_lasthope+0
0x0560	0x340A ;?ICS?lstr3_lasthope+1
0x0561	0x3400 ;?ICS?lstr3_lasthope+2
; end of ?ICS?lstr3_lasthope
;lasthope.c,0 :: ?ICS?lstr2_lasthope
0x0562	0x3453 ;?ICS?lstr2_lasthope+0
0x0563	0x3461 ;?ICS?lstr2_lasthope+1
0x0564	0x346D ;?ICS?lstr2_lasthope+2
0x0565	0x3470 ;?ICS?lstr2_lasthope+3
0x0566	0x346C ;?ICS?lstr2_lasthope+4
0x0567	0x3465 ;?ICS?lstr2_lasthope+5
0x0568	0x343A ;?ICS?lstr2_lasthope+6
0x0569	0x3420 ;?ICS?lstr2_lasthope+7
0x056A	0x3400 ;?ICS?lstr2_lasthope+8
; end of ?ICS?lstr2_lasthope
;lasthope.c,0 :: ?ICS?lstr17_lasthope
0x056B	0x3473 ;?ICS?lstr17_lasthope+0
0x056C	0x3474 ;?ICS?lstr17_lasthope+1
0x056D	0x3461 ;?ICS?lstr17_lasthope+2
0x056E	0x3474 ;?ICS?lstr17_lasthope+3
0x056F	0x3475 ;?ICS?lstr17_lasthope+4
0x0570	0x3473 ;?ICS?lstr17_lasthope+5
0x0571	0x340A ;?ICS?lstr17_lasthope+6
0x0572	0x3430 ;?ICS?lstr17_lasthope+7
0x0573	0x340A ;?ICS?lstr17_lasthope+8
0x0574	0x3400 ;?ICS?lstr17_lasthope+9
; end of ?ICS?lstr17_lasthope
;lasthope.c,0 :: ?ICS?lstr16_lasthope
0x0575	0x3473 ;?ICS?lstr16_lasthope+0
0x0576	0x3474 ;?ICS?lstr16_lasthope+1
0x0577	0x3461 ;?ICS?lstr16_lasthope+2
0x0578	0x3474 ;?ICS?lstr16_lasthope+3
0x0579	0x3475 ;?ICS?lstr16_lasthope+4
0x057A	0x3473 ;?ICS?lstr16_lasthope+5
0x057B	0x340A ;?ICS?lstr16_lasthope+6
0x057C	0x3431 ;?ICS?lstr16_lasthope+7
0x057D	0x340A ;?ICS?lstr16_lasthope+8
0x057E	0x3400 ;?ICS?lstr16_lasthope+9
; end of ?ICS?lstr16_lasthope
;lasthope.c,0 :: ?ICS_last_stable_touch
0x057F	0x3400 ;?ICS_last_stable_touch+0
; end of ?ICS_last_stable_touch
;lasthope.c,0 :: ?ICS?lstr14_lasthope
0x0580	0x340A ;?ICS?lstr14_lasthope+0
0x0581	0x3400 ;?ICS?lstr14_lasthope+1
; end of ?ICS?lstr14_lasthope
;lasthope.c,0 :: ?ICS?lstr11_lasthope
0x0582	0x3452 ;?ICS?lstr11_lasthope+0
0x0583	0x3461 ;?ICS?lstr11_lasthope+1
0x0584	0x3477 ;?ICS?lstr11_lasthope+2
0x0585	0x3454 ;?ICS?lstr11_lasthope+3
0x0586	0x346F ;?ICS?lstr11_lasthope+4
0x0587	0x3475 ;?ICS?lstr11_lasthope+5
0x0588	0x3463 ;?ICS?lstr11_lasthope+6
0x0589	0x3468 ;?ICS?lstr11_lasthope+7
0x058A	0x343A ;?ICS?lstr11_lasthope+8
0x058B	0x3400 ;?ICS?lstr11_lasthope+9
; end of ?ICS?lstr11_lasthope
;lasthope.c,0 :: ?ICS_send_cycle
0x058C	0x3400 ;?ICS_send_cycle+0
; end of ?ICS_send_cycle
;lasthope.c,0 :: ?ICS?lstr13_lasthope
0x058D	0x3454 ;?ICS?lstr13_lasthope+0
0x058E	0x3468 ;?ICS?lstr13_lasthope+1
0x058F	0x3472 ;?ICS?lstr13_lasthope+2
0x0590	0x3465 ;?ICS?lstr13_lasthope+3
0x0591	0x3473 ;?ICS?lstr13_lasthope+4
0x0592	0x3468 ;?ICS?lstr13_lasthope+5
0x0593	0x346F ;?ICS?lstr13_lasthope+6
0x0594	0x346C ;?ICS?lstr13_lasthope+7
0x0595	0x3464 ;?ICS?lstr13_lasthope+8
0x0596	0x343A ;?ICS?lstr13_lasthope+9
0x0597	0x3400 ;?ICS?lstr13_lasthope+10
; end of ?ICS?lstr13_lasthope
;lasthope.c,0 :: ?ICS?lstr12_lasthope
0x0598	0x340A ;?ICS?lstr12_lasthope+0
0x0599	0x3400 ;?ICS?lstr12_lasthope+1
; end of ?ICS?lstr12_lasthope
;lasthope.c,0 :: ?ICS_uart_index
0x059A	0x3400 ;?ICS_uart_index+0
; end of ?ICS_uart_index
;lasthope.c,0 :: ?ICS_uart_ready
0x059B	0x3400 ;?ICS_uart_ready+0
; end of ?ICS_uart_ready
;lasthope.c,0 :: ?ICS_total
0x059C	0x3400 ;?ICS_total+0
0x059D	0x3400 ;?ICS_total+1
0x059E	0x3400 ;?ICS_total+2
0x059F	0x3400 ;?ICS_total+3
; end of ?ICS_total
;lasthope.c,0 :: ?ICS_NGUONG_CHAM
0x05A0	0x3400 ;?ICS_NGUONG_CHAM+0
0x05A1	0x3400 ;?ICS_NGUONG_CHAM+1
; end of ?ICS_NGUONG_CHAM
;lasthope.c,0 :: ?ICS_calibrating
0x05A2	0x3400 ;?ICS_calibrating+0
; end of ?ICS_calibrating
;lasthope.c,0 :: ?ICS?lstr10_lasthope
0x05A3	0x3446 ;?ICS?lstr10_lasthope+0
0x05A4	0x3472 ;?ICS?lstr10_lasthope+1
0x05A5	0x346F ;?ICS?lstr10_lasthope+2
0x05A6	0x346D ;?ICS?lstr10_lasthope+3
0x05A7	0x3420 ;?ICS?lstr10_lasthope+4
0x05A8	0x3450 ;?ICS?lstr10_lasthope+5
0x05A9	0x3469 ;?ICS?lstr10_lasthope+6
0x05AA	0x3463 ;?ICS?lstr10_lasthope+7
0x05AB	0x3420 ;?ICS?lstr10_lasthope+8
0x05AC	0x3457 ;?ICS?lstr10_lasthope+9
0x05AD	0x3469 ;?ICS?lstr10_lasthope+10
0x05AE	0x3474 ;?ICS?lstr10_lasthope+11
0x05AF	0x3468 ;?ICS?lstr10_lasthope+12
0x05B0	0x3420 ;?ICS?lstr10_lasthope+13
0x05B1	0x344C ;?ICS?lstr10_lasthope+14
0x05B2	0x3475 ;?ICS?lstr10_lasthope+15
0x05B3	0x3476 ;?ICS?lstr10_lasthope+16
0x05B4	0x3400 ;?ICS?lstr10_lasthope+17
; end of ?ICS?lstr10_lasthope
;lasthope.c,0 :: ?ICS?lstr1_lasthope
0x05B5	0x3443 ;?ICS?lstr1_lasthope+0
0x05B6	0x3461 ;?ICS?lstr1_lasthope+1
0x05B7	0x346C ;?ICS?lstr1_lasthope+2
0x05B8	0x3469 ;?ICS?lstr1_lasthope+3
0x05B9	0x3462 ;?ICS?lstr1_lasthope+4
0x05BA	0x3420 ;?ICS?lstr1_lasthope+5
0x05BB	0x3473 ;?ICS?lstr1_lasthope+6
0x05BC	0x3474 ;?ICS?lstr1_lasthope+7
0x05BD	0x3461 ;?ICS?lstr1_lasthope+8
0x05BE	0x3472 ;?ICS?lstr1_lasthope+9
0x05BF	0x3474 ;?ICS?lstr1_lasthope+10
0x05C0	0x340D ;?ICS?lstr1_lasthope+11
0x05C1	0x340A ;?ICS?lstr1_lasthope+12
0x05C2	0x3400 ;?ICS?lstr1_lasthope+13
; end of ?ICS?lstr1_lasthope
;lasthope.c,0 :: ?ICS_debounce_timer
0x05C3	0x3400 ;?ICS_debounce_timer+0
0x05C4	0x3400 ;?ICS_debounce_timer+1
; end of ?ICS_debounce_timer
;lasthope.c,0 :: ?ICS_last_raw_touch
0x05C5	0x3400 ;?ICS_last_raw_touch+0
; end of ?ICS_last_raw_touch
;lasthope.c,0 :: ?ICS?lstr15_lasthope
0x05C6	0x340A ;?ICS?lstr15_lasthope+0
0x05C7	0x3400 ;?ICS?lstr15_lasthope+1
; end of ?ICS?lstr15_lasthope
;lasthope.c,0 :: ?ICS_stable_touch
0x05C8	0x3400 ;?ICS_stable_touch+0
; end of ?ICS_stable_touch
Symbol List:
//** Routines locations **
//ADDRESS    SIZE    PROCEDURE
//----------------------------------------------
0x0003      [29]    _Div_16X16_U
0x0020      [12]    _UART1_Write
0x002C      [66]    _WordToStr
0x006E      [11]    _UART1_Read
0x0079      [23]    _UART1_Write_Text
0x0090       [7]    _____DoICP
0x0097      [25]    _Mul_8X8_U
0x00B0       [7]    _UART1_Data_Ready
0x00B7      [43]    _Mul_16X16_U
0x00E2     [376]    _Div_32x32_U
0x025A     [157]    _process_uart_data
0x02F7     [209]    _calib_touch_threshold
0x03C8      [12]    ___CC2DW
0x03D4      [16]    _UART1_Init
0x03E4     [310]    _main
//** Variables locations ** 
//ADDRESS    SIZE    VARIABLE
//----------------------------------------------
0x0000       [1]    INDF
0x0002       [1]    PCL
0x0003       [1]    STATUS
0x0004       [1]    FSR
0x0007       [1]    PORTC
0x0008       [1]    PORTD
0x000A       [1]    PCLATH
0x000C       [1]    PIR1
0x000E       [1]    TMR1L
0x000F       [1]    TMR1H
0x0010       [1]    T1CON
0x0018       [1]    RCSTA
0x0019       [1]    TXREG
0x001A       [1]    RCREG
0x0020       [1]    ___math_tempb
0x0021       [3]    ?lstr7_lasthope
0x0024      [17]    ?lstr6_lasthope
0x0035       [2]    _delta
0x0037       [1]    _calib_done
0x0038       [3]    ?lstr9_lasthope
0x003B      [18]    ?lstr8_lasthope
0x004D       [3]    ?lstr5_lasthope
0x0050      [16]    ?lstr4_lasthope
0x0060       [3]    ?lstr3_lasthope
0x0063       [9]    ?lstr2_lasthope
0x006C       [2]    _debounce_timer
0x006E       [1]    _last_raw_touch
0x006F       [1]    _stable_touch
0x0070       [1]    R0
0x0071       [1]    R1
0x0072       [1]    R2
0x0073       [1]    R3
0x0074       [1]    R4
0x0075       [1]    R5
0x0076       [1]    R6
0x0077       [1]    R7
0x0078       [1]    R8
0x0079       [1]    R9
0x007A       [1]    R10
0x007B       [1]    R11
0x007C       [1]    R12
0x007D       [1]    R13
0x007E       [1]    R14
0x007F       [1]    R15
0x0085       [1]    TRISA
0x0086       [1]    TRISB
0x0087       [0]    TRISC6_bit
0x0087       [1]    TRISC
0x0087       [0]    TRISC7_bit
0x0088       [1]    TRISD
0x0097       [1]    VRCON
0x0098       [1]    TXSTA
0x0099       [1]    SPBRG
0x009A       [1]    SPBRGH
0x00A0      [18]    ?lstr10_lasthope
0x00B2       [2]    ?lstr15_lasthope
0x00B4      [10]    ?lstr17_lasthope
0x00BE      [10]    ?lstr16_lasthope
0x00C8       [1]    _last_stable_touch
0x00C9       [2]    ?lstr14_lasthope
0x00CB      [10]    ?lstr11_lasthope
0x00D5       [1]    _send_cycle
0x00D6      [11]    ?lstr13_lasthope
0x00E1       [2]    ?lstr12_lasthope
0x00E3       [1]    _uart_index
0x00E4       [1]    _uart_ready
0x00E5       [4]    _total
0x00E9       [2]    _NGUONG_CHAM
0x00EB       [1]    _calibrating
0x00EC       [2]    _avg
0x00EE       [2]    _sample
0x0107       [1]    CM1CON0
0x0107       [0]    C1CH1_bit
0x0107       [0]    C1CH0_bit
0x0108       [1]    CM2CON0
0x0108       [0]    C2CH0_bit
0x0108       [0]    C2CH1_bit
0x0109       [1]    CM2CON1
0x0110      [14]    ?lstr1_lasthope
0x011E      [12]    _txt_calib
0x012A       [2]    _touch_value
0x012C       [1]    _raw_touch
0x012D       [7]    _txt
0x0134       [2]    ___DoICPAddr
0x0136      [12]    _uart_buffer
0x0142       [1]    ?FLOC___mainT95
0x0143       [1]    process_uart_data_ch_L1
0x0143       [1]    calib_touch_threshold_i_L0
0x0144       [2]    process_uart_data_val_L3
0x0146       [1]    process_uart_data_i_L3
0x0147       [2]    FARG_WordToStr_input
0x0147       [1]    FARG_UART1_Write_Text_uart_text
0x0148       [1]    UART1_Write_Text_data__L0
0x0149       [1]    FARG_WordToStr_output
0x0149       [1]    UART1_Write_Text_counter_L0
0x014A       [1]    WordToStr_len_L0
0x014B       [1]    FLOC__WordToStr
0x014C       [1]    FARG_UART1_Write_data_
0x0185       [1]    SRCON
0x0188       [1]    ANSEL
0x0189       [1]    ANSELH
//** Constants locations ** 
//ADDRESS    SIZE    CONSTANT
//----------------------------------------------
0x0520       [3]    ?ICS?lstr7_lasthope
0x0523      [17]    ?ICS?lstr6_lasthope
0x0534       [2]    ?ICS_delta
0x0536       [1]    ?ICS_calib_done
0x0537       [3]    ?ICS?lstr9_lasthope
0x053A      [18]    ?ICS?lstr8_lasthope
0x054C       [3]    ?ICS?lstr5_lasthope
0x054F      [16]    ?ICS?lstr4_lasthope
0x055F       [3]    ?ICS?lstr3_lasthope
0x0562       [9]    ?ICS?lstr2_lasthope
0x056B      [10]    ?ICS?lstr17_lasthope
0x0575      [10]    ?ICS?lstr16_lasthope
0x057F       [1]    ?ICS_last_stable_touch
0x0580       [2]    ?ICS?lstr14_lasthope
0x0582      [10]    ?ICS?lstr11_lasthope
0x058C       [1]    ?ICS_send_cycle
0x058D      [11]    ?ICS?lstr13_lasthope
0x0598       [2]    ?ICS?lstr12_lasthope
0x059A       [1]    ?ICS_uart_index
0x059B       [1]    ?ICS_uart_ready
0x059C       [4]    ?ICS_total
0x05A0       [2]    ?ICS_NGUONG_CHAM
0x05A2       [1]    ?ICS_calibrating
0x05A3      [18]    ?ICS?lstr10_lasthope
0x05B5      [14]    ?ICS?lstr1_lasthope
0x05C3       [2]    ?ICS_debounce_timer
0x05C5       [1]    ?ICS_last_raw_touch
0x05C6       [2]    ?ICS?lstr15_lasthope
0x05C8       [1]    ?ICS_stable_touch
