0	1	mikroCPIC1618.exe -MSF -DBG -pP16F887 -DL -O11111114 -fo20 -N"C:\Users\SGM\Desktop\New folder\lasthope.mcppi" -SP"C:\Users\Public\Documents\Mikroelektronika\mikroC PRO for PIC\Defs\" -SP"C:\Users\Public\Documents\Mikroelektronika\mikroC PRO for PIC\Uses\P16\" -SP"C:\Users\SGM\Desktop\New folder\" -IP"C:\Users\Public\Documents\Mikroelektronika\mikroC PRO for PIC\Uses\P16\" "lasthope.c" "__Lib_Math.mcl" "__Lib_MathDouble.mcl" "__Lib_System.mcl" "__Lib_Delays.mcl" "__Lib_CString.mcl" "__Lib_Conversions.mcl" "__Lib_ADC_88X.mcl" "__Lib_UART_c67.mcl" "__Lib_LcdConsts.mcl" "__Lib_Lcd.mcl" "__Lib_RS485.mcl"	 
hint: 0	1139	Available RAM: 352 [bytes], Available ROM: 8192 [bytes]	 
diagnostics: 0	122	Compilation Started	lasthope.c
warning: 40	1508	Implicit conversion of int to ptr	lasthope.c
warning: 45	1508	Implicit conversion of int to ptr	lasthope.c
warning: 150	1509	Generated baud rate is 9615 bps (error = 0.16 percent)	lasthope.c
diagnostics: 228	123	Compiled Successfully	lasthope.c
diagnostics: 0	127	All files Compiled in 47 ms	 
warning: 0	1511	IRP bit must be set manually for indirect access to '	lasthope.c
0	0		
warning: 20	1511	IRP bit must be set manually for indirect access to 'txt_calib' variable	lasthope.c
warning: 0	1511	IRP bit must be set manually for indirect access to '	lasthope.c
0	0		
warning: 57	1511	IRP bit must be set manually for indirect access to 'txt' variable	lasthope.c
warning: 0	1511	IRP bit must be set manually for indirect access to '	lasthope.c
0	0		
warning: 0	1511	IRP bit must be set manually for indirect access to '	lasthope.c
0	0		
hint: 0	1144	Used RAM (bytes): 248 (70%)  Free RAM (bytes): 104 (30%)	Used RAM (bytes): 248 (70%)  Free RAM (bytes): 104 (30%)
hint: 0	1144	Used ROM (program words): 1712 (21%)  Free ROM (program words): 6480 (79%)	Used ROM (program words): 1712 (21%)  Free ROM (program words): 6480 (79%)
diagnostics: 0	125	Project Linked Successfully	lasthope.mcppi
diagnostics: 0	128	Linked in 15 ms	 
diagnostics: 0	129	Project 'lasthope.mcppi' completed: 78 ms	 
diagnostics: 0	103	Finished successfully: 15 Nov 2025, 18:40:24	lasthope.mcppi
